[2022-12-07]	[08:45:19.844]	[INF]	=====================================================		
[2022-12-07]	[08:45:19.871]	[INF]	App Start		
[2022-12-07]	[08:45:19.871]	[INF]	Initialization Start		
[2022-12-07]	[08:45:20.070]	[INF]	Pass MainWindow Create/Open		
[2022-12-07]	[08:45:20.070]	[INF]	Initialization Finished		
[2022-12-07]	[08:45:20.070]	[INF]	=====================================================		
[2022-12-07]	[08:53:20.410]	[INF]	=====================================================		
[2022-12-07]	[08:53:20.430]	[INF]	App Start		
[2022-12-07]	[08:53:20.430]	[INF]	Initialization Start		
[2022-12-07]	[08:53:20.726]	[INF]	Pass MainWindow Create/Open		
[2022-12-07]	[08:53:20.726]	[INF]	Initialization Finished		
[2022-12-07]	[08:53:20.726]	[INF]	=====================================================		
[2022-12-07]	[08:55:58.124]	[INF]	=====================================================		
[2022-12-07]	[08:55:58.153]	[INF]	App Start		
[2022-12-07]	[08:55:58.153]	[INF]	Initialization Start		
[2022-12-07]	[08:55:58.469]	[INF]	Pass MainWindow Create/Open		
[2022-12-07]	[08:55:58.470]	[INF]	Initialization Finished		
[2022-12-07]	[08:55:58.470]	[INF]	=====================================================		
[2022-12-07]	[09:00:42.391]	[INF]	=====================================================		
[2022-12-07]	[09:00:42.411]	[INF]	App Start		
[2022-12-07]	[09:00:42.411]	[INF]	Initialization Start		
[2022-12-07]	[09:00:42.719]	[INF]	Pass MainWindow Create/Open		
[2022-12-07]	[09:00:42.719]	[INF]	Initialization Finished		
[2022-12-07]	[09:00:42.719]	[INF]	=====================================================		
[2022-12-07]	[09:03:24.147]	[INF]	=====================================================		
[2022-12-07]	[09:03:24.171]	[INF]	App Start		
[2022-12-07]	[09:03:24.171]	[INF]	Initialization Start		
[2022-12-07]	[09:03:24.496]	[INF]	Pass MainWindow Create/Open		
[2022-12-07]	[09:03:24.496]	[INF]	Initialization Finished		
[2022-12-07]	[09:03:24.496]	[INF]	=====================================================		
[2022-12-07]	[09:07:50.360]	[INF]	=====================================================		
[2022-12-07]	[09:07:50.388]	[INF]	App Start		
[2022-12-07]	[09:07:50.388]	[INF]	Initialization Start		
[2022-12-07]	[09:07:50.824]	[INF]	Pass MainWindow Create/Open		
[2022-12-07]	[09:07:50.825]	[INF]	Initialization Finished		
[2022-12-07]	[09:07:50.825]	[INF]	=====================================================		
[2022-12-07]	[09:17:01.509]	[INF]	=====================================================		
[2022-12-07]	[09:17:01.531]	[INF]	App Start		
[2022-12-07]	[09:17:01.531]	[INF]	Initialization Start		
[2022-12-07]	[09:17:01.873]	[INF]	Pass MainWindow Create/Open		
[2022-12-07]	[09:17:01.873]	[INF]	Initialization Finished		
[2022-12-07]	[09:17:01.873]	[INF]	=====================================================		
[2022-12-07]	[09:40:07.387]	[INF]	=====================================================		
[2022-12-07]	[09:40:07.410]	[INF]	App Start		
[2022-12-07]	[09:40:07.410]	[INF]	Initialization Start		
[2022-12-07]	[09:40:07.873]	[INF]	Pass MainWindow Create/Open		
[2022-12-07]	[09:40:07.873]	[INF]	Initialization Finished		
[2022-12-07]	[09:40:07.873]	[INF]	=====================================================		
[2022-12-07]	[09:57:38.825]	[INF]	=====================================================		
[2022-12-07]	[09:57:38.847]	[INF]	App Start		
[2022-12-07]	[09:57:38.847]	[INF]	Initialization Start		
[2022-12-07]	[09:57:39.271]	[INF]	Pass MainWindow Create/Open		
[2022-12-07]	[09:57:39.271]	[INF]	Initialization Finished		
[2022-12-07]	[09:57:39.271]	[INF]	=====================================================		
[2022-12-07]	[10:08:20.474]	[INF]	=====================================================		
[2022-12-07]	[10:08:20.498]	[INF]	App Start		
[2022-12-07]	[10:08:20.498]	[INF]	Initialization Start		
[2022-12-07]	[10:08:20.880]	[INF]	Pass MainWindow Create/Open		
[2022-12-07]	[10:08:20.880]	[INF]	Initialization Finished		
[2022-12-07]	[10:08:20.880]	[INF]	=====================================================		
[2022-12-07]	[10:09:32.372]	[INF]	=====================================================		
[2022-12-07]	[10:09:32.393]	[INF]	App Start		
[2022-12-07]	[10:09:32.393]	[INF]	Initialization Start		
[2022-12-07]	[10:09:32.781]	[INF]	Pass MainWindow Create/Open		
[2022-12-07]	[10:09:32.782]	[INF]	Initialization Finished		
[2022-12-07]	[10:09:32.782]	[INF]	=====================================================		
[2022-12-07]	[10:09:50.363]	[INF]	=====================================================		
[2022-12-07]	[10:09:50.385]	[INF]	App Start		
[2022-12-07]	[10:09:50.385]	[INF]	Initialization Start		
[2022-12-07]	[10:09:50.747]	[INF]	Pass MainWindow Create/Open		
[2022-12-07]	[10:09:50.747]	[INF]	Initialization Finished		
[2022-12-07]	[10:09:50.747]	[INF]	=====================================================		
[2022-12-07]	[10:11:21.328]	[INF]	=====================================================		
[2022-12-07]	[10:11:21.353]	[INF]	App Start		
[2022-12-07]	[10:11:21.353]	[INF]	Initialization Start		
[2022-12-07]	[10:11:21.689]	[INF]	Pass MainWindow Create/Open		
[2022-12-07]	[10:11:21.689]	[INF]	Initialization Finished		
[2022-12-07]	[10:11:21.689]	[INF]	=====================================================		
[2022-12-07]	[10:13:24.387]	[INF]	=====================================================		
[2022-12-07]	[10:13:24.408]	[INF]	App Start		
[2022-12-07]	[10:13:24.408]	[INF]	Initialization Start		
[2022-12-07]	[10:13:24.761]	[INF]	Pass MainWindow Create/Open		
[2022-12-07]	[10:13:24.761]	[INF]	Initialization Finished		
[2022-12-07]	[10:13:24.761]	[INF]	=====================================================		
[2022-12-07]	[10:15:06.944]	[INF]	=====================================================		
[2022-12-07]	[10:15:06.966]	[INF]	App Start		
[2022-12-07]	[10:15:06.966]	[INF]	Initialization Start		
[2022-12-07]	[10:15:07.368]	[INF]	Pass MainWindow Create/Open		
[2022-12-07]	[10:15:07.368]	[INF]	Initialization Finished		
[2022-12-07]	[10:15:07.368]	[INF]	=====================================================		
[2022-12-07]	[10:19:12.466]	[INF]	=====================================================		
[2022-12-07]	[10:19:12.488]	[INF]	App Start		
[2022-12-07]	[10:19:12.488]	[INF]	Initialization Start		
[2022-12-07]	[10:19:12.847]	[INF]	Pass MainWindow Create/Open		
[2022-12-07]	[10:19:12.847]	[INF]	Initialization Finished		
[2022-12-07]	[10:19:12.847]	[INF]	=====================================================		
[2022-12-07]	[10:20:31.761]	[INF]	=====================================================		
[2022-12-07]	[10:20:31.784]	[INF]	App Start		
[2022-12-07]	[10:20:31.784]	[INF]	Initialization Start		
[2022-12-07]	[10:20:32.149]	[INF]	Pass MainWindow Create/Open		
[2022-12-07]	[10:20:32.150]	[INF]	Initialization Finished		
[2022-12-07]	[10:20:32.150]	[INF]	=====================================================		
[2022-12-07]	[10:21:00.860]	[INF]	=====================================================		
[2022-12-07]	[10:21:00.883]	[INF]	App Start		
[2022-12-07]	[10:21:00.883]	[INF]	Initialization Start		
[2022-12-07]	[10:21:01.237]	[INF]	Pass MainWindow Create/Open		
[2022-12-07]	[10:21:01.237]	[INF]	Initialization Finished		
[2022-12-07]	[10:21:01.237]	[INF]	=====================================================		
[2022-12-07]	[10:24:39.353]	[INF]	=====================================================		
[2022-12-07]	[10:24:39.375]	[INF]	App Start		
[2022-12-07]	[10:24:39.375]	[INF]	Initialization Start		
[2022-12-07]	[10:24:39.716]	[INF]	Pass MainWindow Create/Open		
[2022-12-07]	[10:24:39.716]	[INF]	Initialization Finished		
[2022-12-07]	[10:24:39.716]	[INF]	=====================================================		
[2022-12-07]	[10:26:49.412]	[INF]	=====================================================		
[2022-12-07]	[10:26:49.435]	[INF]	App Start		
[2022-12-07]	[10:26:49.435]	[INF]	Initialization Start		
[2022-12-07]	[10:26:49.852]	[INF]	Pass MainWindow Create/Open		
[2022-12-07]	[10:26:49.852]	[INF]	Initialization Finished		
[2022-12-07]	[10:26:49.853]	[INF]	=====================================================		
[2022-12-07]	[10:28:28.037]	[INF]	=====================================================		
[2022-12-07]	[10:28:28.058]	[INF]	App Start		
[2022-12-07]	[10:28:28.058]	[INF]	Initialization Start		
[2022-12-07]	[10:28:28.436]	[INF]	Pass MainWindow Create/Open		
[2022-12-07]	[10:28:28.436]	[INF]	Initialization Finished		
[2022-12-07]	[10:28:28.436]	[INF]	=====================================================		
[2022-12-07]	[10:35:11.653]	[INF]	=====================================================		
[2022-12-07]	[10:35:11.674]	[INF]	App Start		
[2022-12-07]	[10:35:11.674]	[INF]	Initialization Start		
[2022-12-07]	[10:35:12.038]	[INF]	Pass MainWindow Create/Open		
[2022-12-07]	[10:35:12.038]	[INF]	Initialization Finished		
[2022-12-07]	[10:35:12.039]	[INF]	=====================================================		
[2022-12-07]	[12:43:19.193]	[INF]	=====================================================		
[2022-12-07]	[12:43:19.213]	[INF]	App Start		
[2022-12-07]	[12:43:19.213]	[INF]	Initialization Start		
[2022-12-07]	[12:43:47.897]	[INF]	=====================================================		
[2022-12-07]	[12:43:47.919]	[INF]	App Start		
[2022-12-07]	[12:43:47.919]	[INF]	Initialization Start		
[2022-12-07]	[12:43:59.910]	[INF]	=====================================================		
[2022-12-07]	[12:43:59.935]	[INF]	App Start		
[2022-12-07]	[12:43:59.935]	[INF]	Initialization Start		
[2022-12-07]	[12:44:20.437]	[INF]	=====================================================		
[2022-12-07]	[12:44:20.459]	[INF]	App Start		
[2022-12-07]	[12:44:20.459]	[INF]	Initialization Start		
[2022-12-07]	[12:44:25.267]	[INF]	=====================================================		
[2022-12-07]	[12:44:25.290]	[INF]	App Start		
[2022-12-07]	[12:44:25.290]	[INF]	Initialization Start		
[2022-12-07]	[12:44:29.225]	[INF]	=====================================================		
[2022-12-07]	[12:44:29.246]	[INF]	App Start		
[2022-12-07]	[12:44:29.246]	[INF]	Initialization Start		
[2022-12-07]	[12:44:39.932]	[INF]	=====================================================		
[2022-12-07]	[12:44:39.954]	[INF]	App Start		
[2022-12-07]	[12:44:39.954]	[INF]	Initialization Start		
[2022-12-07]	[12:44:40.356]	[INF]	Pass MainWindow Create/Open		
[2022-12-07]	[12:44:40.356]	[INF]	Initialization Finished		
[2022-12-07]	[12:44:40.356]	[INF]	=====================================================		
[2022-12-07]	[12:44:49.302]	[INF]	=====================================================		
[2022-12-07]	[12:44:49.334]	[INF]	App Start		
[2022-12-07]	[12:44:49.334]	[INF]	Initialization Start		
[2022-12-07]	[12:44:49.732]	[INF]	Pass MainWindow Create/Open		
[2022-12-07]	[12:44:49.732]	[INF]	Initialization Finished		
[2022-12-07]	[12:44:49.732]	[INF]	=====================================================		
[2022-12-07]	[12:44:56.381]	[INF]	=====================================================		
[2022-12-07]	[12:44:56.405]	[INF]	App Start		
[2022-12-07]	[12:44:56.405]	[INF]	Initialization Start		
[2022-12-07]	[12:44:56.764]	[INF]	Pass MainWindow Create/Open		
[2022-12-07]	[12:44:56.764]	[INF]	Initialization Finished		
[2022-12-07]	[12:44:56.764]	[INF]	=====================================================		
[2022-12-07]	[12:45:06.888]	[INF]	=====================================================		
[2022-12-07]	[12:45:06.912]	[INF]	App Start		
[2022-12-07]	[12:45:06.912]	[INF]	Initialization Start		
[2022-12-07]	[12:45:07.281]	[INF]	Pass MainWindow Create/Open		
[2022-12-07]	[12:45:07.281]	[INF]	Initialization Finished		
[2022-12-07]	[12:45:07.281]	[INF]	=====================================================		
[2022-12-07]	[12:45:14.750]	[INF]	=====================================================		
[2022-12-07]	[12:45:14.773]	[INF]	App Start		
[2022-12-07]	[12:45:14.773]	[INF]	Initialization Start		
[2022-12-07]	[12:45:15.142]	[INF]	Pass MainWindow Create/Open		
[2022-12-07]	[12:45:15.142]	[INF]	Initialization Finished		
[2022-12-07]	[12:45:15.142]	[INF]	=====================================================		
[2022-12-07]	[12:45:19.487]	[INF]	=====================================================		
[2022-12-07]	[12:45:19.509]	[INF]	App Start		
[2022-12-07]	[12:45:19.510]	[INF]	Initialization Start		
[2022-12-07]	[12:45:19.887]	[INF]	Pass MainWindow Create/Open		
[2022-12-07]	[12:45:19.887]	[INF]	Initialization Finished		
[2022-12-07]	[12:45:19.887]	[INF]	=====================================================		
[2022-12-07]	[12:45:27.770]	[INF]	=====================================================		
[2022-12-07]	[12:45:27.802]	[INF]	App Start		
[2022-12-07]	[12:45:27.802]	[INF]	Initialization Start		
[2022-12-07]	[12:45:32.607]	[INF]	=====================================================		
[2022-12-07]	[12:45:32.631]	[INF]	App Start		
[2022-12-07]	[12:45:32.631]	[INF]	Initialization Start		
[2022-12-07]	[12:45:37.065]	[INF]	=====================================================		
[2022-12-07]	[12:45:37.089]	[INF]	App Start		
[2022-12-07]	[12:45:37.089]	[INF]	Initialization Start		
[2022-12-07]	[12:45:40.932]	[INF]	=====================================================		
[2022-12-07]	[12:45:40.956]	[INF]	App Start		
[2022-12-07]	[12:45:40.956]	[INF]	Initialization Start		
[2022-12-07]	[12:45:48.920]	[INF]	=====================================================		
[2022-12-07]	[12:45:48.945]	[INF]	App Start		
[2022-12-07]	[12:45:48.945]	[INF]	Initialization Start		
[2022-12-07]	[12:46:01.867]	[INF]	=====================================================		
[2022-12-07]	[12:46:01.889]	[INF]	App Start		
[2022-12-07]	[12:46:01.889]	[INF]	Initialization Start		
[2022-12-07]	[12:46:07.275]	[INF]	=====================================================		
[2022-12-07]	[12:46:07.310]	[INF]	App Start		
[2022-12-07]	[12:46:07.310]	[INF]	Initialization Start		
[2022-12-07]	[12:46:12.663]	[INF]	=====================================================		
[2022-12-07]	[12:46:12.700]	[INF]	App Start		
[2022-12-07]	[12:46:12.700]	[INF]	Initialization Start		
[2022-12-07]	[12:53:52.692]	[INF]	=====================================================		
[2022-12-07]	[12:53:52.712]	[INF]	App Start		
[2022-12-07]	[12:53:52.712]	[INF]	Initialization Start		
[2022-12-07]	[12:54:00.339]	[INF]	Pass MainWindow Create/Open		
[2022-12-07]	[12:54:00.339]	[INF]	Initialization Finished		
[2022-12-07]	[12:54:00.339]	[INF]	=====================================================		
[2022-12-07]	[13:09:06.693]	[INF]	=====================================================		
[2022-12-07]	[13:09:06.715]	[INF]	App Start		
[2022-12-07]	[13:09:06.715]	[INF]	Initialization Start		
[2022-12-07]	[13:09:07.071]	[INF]	Pass MainWindow Create/Open		
[2022-12-07]	[13:09:07.071]	[INF]	Initialization Finished		
[2022-12-07]	[13:09:07.071]	[INF]	=====================================================		
[2022-12-07]	[13:11:00.466]	[INF]	=====================================================		
[2022-12-07]	[13:11:00.488]	[INF]	App Start		
[2022-12-07]	[13:11:00.488]	[INF]	Initialization Start		
[2022-12-07]	[13:11:00.828]	[INF]	Pass MainWindow Create/Open		
[2022-12-07]	[13:11:00.828]	[INF]	Initialization Finished		
[2022-12-07]	[13:11:00.828]	[INF]	=====================================================		
[2022-12-07]	[13:12:48.357]	[INF]	=====================================================		
[2022-12-07]	[13:12:48.379]	[INF]	App Start		
[2022-12-07]	[13:12:48.379]	[INF]	Initialization Start		
[2022-12-07]	[13:12:48.699]	[INF]	Pass MainWindow Create/Open		
[2022-12-07]	[13:12:48.699]	[INF]	Initialization Finished		
[2022-12-07]	[13:12:48.699]	[INF]	=====================================================		
[2022-12-07]	[13:40:40.335]	[INF]	=====================================================		
[2022-12-07]	[13:40:40.357]	[INF]	App Start		
[2022-12-07]	[13:40:40.357]	[INF]	Initialization Start		
[2022-12-07]	[13:40:40.693]	[INF]	Pass MainWindow Create/Open		
[2022-12-07]	[13:40:40.693]	[INF]	Initialization Finished		
[2022-12-07]	[13:40:40.693]	[INF]	=====================================================		
[2022-12-07]	[13:41:18.706]	[INF]	=====================================================		
[2022-12-07]	[13:41:18.730]	[INF]	App Start		
[2022-12-07]	[13:41:18.730]	[INF]	Initialization Start		
[2022-12-07]	[13:41:19.057]	[INF]	Pass MainWindow Create/Open		
[2022-12-07]	[13:41:19.057]	[INF]	Initialization Finished		
[2022-12-07]	[13:41:19.057]	[INF]	=====================================================		
[2022-12-07]	[13:41:44.387]	[INF]	=====================================================		
[2022-12-07]	[13:41:44.409]	[INF]	App Start		
[2022-12-07]	[13:41:44.409]	[INF]	Initialization Start		
[2022-12-07]	[13:41:44.742]	[INF]	Pass MainWindow Create/Open		
[2022-12-07]	[13:41:44.742]	[INF]	Initialization Finished		
[2022-12-07]	[13:41:44.742]	[INF]	=====================================================		
[2022-12-07]	[13:51:50.782]	[INF]	=====================================================		
[2022-12-07]	[13:51:50.804]	[INF]	App Start		
[2022-12-07]	[13:51:50.804]	[INF]	Initialization Start		
[2022-12-07]	[13:51:51.168]	[INF]	Pass MainWindow Create/Open		
[2022-12-07]	[13:51:51.168]	[INF]	Initialization Finished		
[2022-12-07]	[13:51:51.168]	[INF]	=====================================================		
[2022-12-07]	[13:53:51.343]	[INF]	=====================================================		
[2022-12-07]	[13:53:51.366]	[INF]	App Start		
[2022-12-07]	[13:53:51.366]	[INF]	Initialization Start		
[2022-12-07]	[13:53:51.767]	[INF]	Pass MainWindow Create/Open		
[2022-12-07]	[13:53:51.767]	[INF]	Initialization Finished		
[2022-12-07]	[13:53:51.767]	[INF]	=====================================================		
[2022-12-07]	[13:55:17.385]	[INF]	=====================================================		
[2022-12-07]	[13:55:17.407]	[INF]	App Start		
[2022-12-07]	[13:55:17.407]	[INF]	Initialization Start		
[2022-12-07]	[13:55:17.724]	[INF]	Pass MainWindow Create/Open		
[2022-12-07]	[13:55:17.725]	[INF]	Initialization Finished		
[2022-12-07]	[13:55:17.725]	[INF]	=====================================================		
[2022-12-07]	[13:56:06.070]	[INF]	=====================================================		
[2022-12-07]	[13:56:06.096]	[INF]	App Start		
[2022-12-07]	[13:56:06.096]	[INF]	Initialization Start		
[2022-12-07]	[13:56:06.473]	[INF]	Pass MainWindow Create/Open		
[2022-12-07]	[13:56:06.473]	[INF]	Initialization Finished		
[2022-12-07]	[13:56:06.473]	[INF]	=====================================================		
[2022-12-07]	[13:59:02.270]	[INF]	=====================================================		
[2022-12-07]	[13:59:02.294]	[INF]	App Start		
[2022-12-07]	[13:59:02.294]	[INF]	Initialization Start		
[2022-12-07]	[13:59:02.677]	[INF]	Pass MainWindow Create/Open		
[2022-12-07]	[13:59:02.677]	[INF]	Initialization Finished		
[2022-12-07]	[13:59:02.677]	[INF]	=====================================================		
[2022-12-07]	[14:01:53.273]	[INF]	=====================================================		
[2022-12-07]	[14:01:53.297]	[INF]	App Start		
[2022-12-07]	[14:01:53.297]	[INF]	Initialization Start		
[2022-12-07]	[14:01:53.653]	[INF]	Pass MainWindow Create/Open		
[2022-12-07]	[14:01:53.654]	[INF]	Initialization Finished		
[2022-12-07]	[14:01:53.654]	[INF]	=====================================================		
[2022-12-07]	[14:56:20.186]	[INF]	=====================================================		
[2022-12-07]	[14:56:20.211]	[INF]	App Start		
[2022-12-07]	[14:56:20.211]	[INF]	Initialization Start		
[2022-12-07]	[14:56:20.977]	[INF]	Pass MainWindow Create/Open		
[2022-12-07]	[14:56:20.977]	[INF]	Initialization Finished		
[2022-12-07]	[14:56:20.977]	[INF]	=====================================================		
[2022-12-07]	[15:06:24.008]	[INF]	=====================================================		
[2022-12-07]	[15:06:24.034]	[INF]	App Start		
[2022-12-07]	[15:06:24.034]	[INF]	Initialization Start		
[2022-12-07]	[15:06:24.618]	[INF]	Pass MainWindow Create/Open		
[2022-12-07]	[15:06:24.618]	[INF]	Initialization Finished		
[2022-12-07]	[15:06:24.618]	[INF]	=====================================================		
[2022-12-07]	[15:13:19.642]	[INF]	=====================================================		
[2022-12-07]	[15:13:19.663]	[INF]	App Start		
[2022-12-07]	[15:13:19.663]	[INF]	Initialization Start		
[2022-12-07]	[15:13:20.159]	[INF]	Pass MainWindow Create/Open		
[2022-12-07]	[15:13:20.159]	[INF]	Initialization Finished		
[2022-12-07]	[15:13:20.159]	[INF]	=====================================================		
[2022-12-07]	[15:25:55.749]	[INF]	=====================================================		
[2022-12-07]	[15:25:55.774]	[INF]	App Start		
[2022-12-07]	[15:25:55.774]	[INF]	Initialization Start		
[2022-12-07]	[15:25:56.330]	[INF]	Pass MainWindow Create/Open		
[2022-12-07]	[15:25:56.331]	[INF]	Initialization Finished		
[2022-12-07]	[15:25:56.331]	[INF]	=====================================================		
[2022-12-07]	[15:26:11.877]	[INF]	=====================================================		
[2022-12-07]	[15:26:11.901]	[INF]	App Start		
[2022-12-07]	[15:26:11.901]	[INF]	Initialization Start		
[2022-12-07]	[15:26:12.275]	[INF]	Pass MainWindow Create/Open		
[2022-12-07]	[15:26:12.275]	[INF]	Initialization Finished		
[2022-12-07]	[15:26:12.275]	[INF]	=====================================================		
[2022-12-07]	[15:27:26.344]	[INF]	=====================================================		
[2022-12-07]	[15:27:26.366]	[INF]	App Start		
[2022-12-07]	[15:27:26.366]	[INF]	Initialization Start		
[2022-12-07]	[15:27:26.730]	[INF]	Pass MainWindow Create/Open		
[2022-12-07]	[15:27:26.730]	[INF]	Initialization Finished		
[2022-12-07]	[15:27:26.730]	[INF]	=====================================================		
[2022-12-07]	[15:27:46.881]	[INF]	=====================================================		
[2022-12-07]	[15:27:46.904]	[INF]	App Start		
[2022-12-07]	[15:27:46.904]	[INF]	Initialization Start		
[2022-12-07]	[15:27:47.315]	[INF]	Pass MainWindow Create/Open		
[2022-12-07]	[15:27:47.315]	[INF]	Initialization Finished		
[2022-12-07]	[15:27:47.316]	[INF]	=====================================================		
[2022-12-07]	[15:28:27.222]	[INF]	=====================================================		
[2022-12-07]	[15:28:27.243]	[INF]	App Start		
[2022-12-07]	[15:28:27.243]	[INF]	Initialization Start		
[2022-12-07]	[15:28:27.580]	[INF]	Pass MainWindow Create/Open		
[2022-12-07]	[15:28:27.580]	[INF]	Initialization Finished		
[2022-12-07]	[15:28:27.580]	[INF]	=====================================================		
