[2022-12-01]	[09:49:23.061]	[INF]	=====================================================		
[2022-12-01]	[09:49:23.082]	[INF]	App Start		
[2022-12-01]	[09:49:23.082]	[INF]	Initialization Start		
[2022-12-01]	[09:49:23.408]	[INF]	Pass MainWindow Create/Open		
[2022-12-01]	[09:49:23.408]	[INF]	Initialization Finished		
[2022-12-01]	[09:49:23.408]	[INF]	=====================================================		
[2022-12-01]	[10:46:28.833]	[INF]	=====================================================		
[2022-12-01]	[10:46:28.855]	[INF]	App Start		
[2022-12-01]	[10:46:28.855]	[INF]	Initialization Start		
[2022-12-01]	[10:46:29.212]	[INF]	Pass MainWindow Create/Open		
[2022-12-01]	[10:46:29.212]	[INF]	Initialization Finished		
[2022-12-01]	[10:46:29.212]	[INF]	=====================================================		
[2022-12-01]	[13:15:29.120]	[INF]	=====================================================		
[2022-12-01]	[13:15:29.141]	[INF]	App Start		
[2022-12-01]	[13:15:29.141]	[INF]	Initialization Start		
[2022-12-01]	[13:15:29.626]	[INF]	Pass MainWindow Create/Open		
[2022-12-01]	[13:15:29.626]	[INF]	Initialization Finished		
[2022-12-01]	[13:15:29.626]	[INF]	=====================================================		
[2022-12-01]	[14:12:22.355]	[INF]	=====================================================		
[2022-12-01]	[14:12:22.375]	[INF]	App Start		
[2022-12-01]	[14:12:22.376]	[INF]	Initialization Start		
[2022-12-01]	[14:12:22.723]	[INF]	Pass MainWindow Create/Open		
[2022-12-01]	[14:12:22.723]	[INF]	Initialization Finished		
[2022-12-01]	[14:12:22.723]	[INF]	=====================================================		
[2022-12-01]	[14:15:36.177]	[INF]	=====================================================		
[2022-12-01]	[14:15:36.199]	[INF]	App Start		
[2022-12-01]	[14:15:36.199]	[INF]	Initialization Start		
[2022-12-01]	[14:15:36.608]	[INF]	Pass MainWindow Create/Open		
[2022-12-01]	[14:15:36.608]	[INF]	Initialization Finished		
[2022-12-01]	[14:15:36.608]	[INF]	=====================================================		
[2022-12-01]	[14:23:06.219]	[INF]	=====================================================		
[2022-12-01]	[14:23:06.241]	[INF]	App Start		
[2022-12-01]	[14:23:06.241]	[INF]	Initialization Start		
[2022-12-01]	[14:23:06.687]	[INF]	Pass MainWindow Create/Open		
[2022-12-01]	[14:23:06.687]	[INF]	Initialization Finished		
[2022-12-01]	[14:23:06.687]	[INF]	=====================================================		
[2022-12-01]	[14:33:45.136]	[INF]	=====================================================		
[2022-12-01]	[14:33:45.157]	[INF]	App Start		
[2022-12-01]	[14:33:45.157]	[INF]	Initialization Start		
[2022-12-01]	[14:33:45.541]	[INF]	Pass MainWindow Create/Open		
[2022-12-01]	[14:33:45.541]	[INF]	Initialization Finished		
[2022-12-01]	[14:33:45.541]	[INF]	=====================================================		
[2022-12-01]	[14:37:47.772]	[INF]	=====================================================		
[2022-12-01]	[14:37:47.792]	[INF]	App Start		
[2022-12-01]	[14:37:47.792]	[INF]	Initialization Start		
[2022-12-01]	[14:37:48.136]	[INF]	Pass MainWindow Create/Open		
[2022-12-01]	[14:37:48.136]	[INF]	Initialization Finished		
[2022-12-01]	[14:37:48.136]	[INF]	=====================================================		
[2022-12-01]	[14:39:06.739]	[INF]	=====================================================		
[2022-12-01]	[14:39:06.759]	[INF]	App Start		
[2022-12-01]	[14:39:06.759]	[INF]	Initialization Start		
[2022-12-01]	[14:39:07.108]	[INF]	Pass MainWindow Create/Open		
[2022-12-01]	[14:39:07.108]	[INF]	Initialization Finished		
[2022-12-01]	[14:39:07.108]	[INF]	=====================================================		
[2022-12-01]	[14:39:31.335]	[INF]	=====================================================		
[2022-12-01]	[14:39:31.357]	[INF]	App Start		
[2022-12-01]	[14:39:31.357]	[INF]	Initialization Start		
[2022-12-01]	[14:39:31.719]	[INF]	Pass MainWindow Create/Open		
[2022-12-01]	[14:39:31.719]	[INF]	Initialization Finished		
[2022-12-01]	[14:39:31.719]	[INF]	=====================================================		
[2022-12-01]	[14:41:12.949]	[INF]	=====================================================		
[2022-12-01]	[14:41:12.970]	[INF]	App Start		
[2022-12-01]	[14:41:12.970]	[INF]	Initialization Start		
[2022-12-01]	[14:41:13.283]	[INF]	Pass MainWindow Create/Open		
[2022-12-01]	[14:41:13.284]	[INF]	Initialization Finished		
[2022-12-01]	[14:41:13.284]	[INF]	=====================================================		
[2022-12-01]	[14:42:02.327]	[INF]	=====================================================		
[2022-12-01]	[14:42:02.349]	[INF]	App Start		
[2022-12-01]	[14:42:02.349]	[INF]	Initialization Start		
[2022-12-01]	[14:42:02.698]	[INF]	Pass MainWindow Create/Open		
[2022-12-01]	[14:42:02.698]	[INF]	Initialization Finished		
[2022-12-01]	[14:42:02.698]	[INF]	=====================================================		
[2022-12-01]	[14:43:59.363]	[INF]	=====================================================		
[2022-12-01]	[14:43:59.385]	[INF]	App Start		
[2022-12-01]	[14:43:59.385]	[INF]	Initialization Start		
[2022-12-01]	[14:43:59.719]	[INF]	Pass MainWindow Create/Open		
[2022-12-01]	[14:43:59.719]	[INF]	Initialization Finished		
[2022-12-01]	[14:43:59.719]	[INF]	=====================================================		
[2022-12-01]	[15:48:56.044]	[INF]	=====================================================		
[2022-12-01]	[15:48:56.066]	[INF]	App Start		
[2022-12-01]	[15:48:56.066]	[INF]	Initialization Start		
[2022-12-01]	[15:48:56.420]	[INF]	Pass MainWindow Create/Open		
[2022-12-01]	[15:48:56.420]	[INF]	Initialization Finished		
[2022-12-01]	[15:48:56.420]	[INF]	=====================================================		
[2022-12-01]	[15:50:13.272]	[INF]	=====================================================		
[2022-12-01]	[15:50:13.294]	[INF]	App Start		
[2022-12-01]	[15:50:13.294]	[INF]	Initialization Start		
[2022-12-01]	[15:50:13.641]	[INF]	Pass MainWindow Create/Open		
[2022-12-01]	[15:50:13.641]	[INF]	Initialization Finished		
[2022-12-01]	[15:50:13.641]	[INF]	=====================================================		
[2022-12-01]	[16:49:11.375]	[INF]	=====================================================		
[2022-12-01]	[16:49:11.397]	[INF]	App Start		
[2022-12-01]	[16:49:11.397]	[INF]	Initialization Start		
[2022-12-01]	[16:49:11.752]	[INF]	Pass MainWindow Create/Open		
[2022-12-01]	[16:49:11.752]	[INF]	Initialization Finished		
[2022-12-01]	[16:49:11.752]	[INF]	=====================================================		
[2022-12-01]	[16:57:23.579]	[INF]	=====================================================		
[2022-12-01]	[16:57:23.602]	[INF]	App Start		
[2022-12-01]	[16:57:23.602]	[INF]	Initialization Start		
[2022-12-01]	[16:57:23.912]	[INF]	Pass MainWindow Create/Open		
[2022-12-01]	[16:57:23.912]	[INF]	Initialization Finished		
[2022-12-01]	[16:57:23.912]	[INF]	=====================================================		
[2022-12-01]	[16:57:49.801]	[INF]	=====================================================		
[2022-12-01]	[16:57:49.826]	[INF]	App Start		
[2022-12-01]	[16:57:49.826]	[INF]	Initialization Start		
[2022-12-01]	[16:57:50.166]	[INF]	Pass MainWindow Create/Open		
[2022-12-01]	[16:57:50.166]	[INF]	Initialization Finished		
[2022-12-01]	[16:57:50.166]	[INF]	=====================================================		
[2022-12-01]	[16:59:29.870]	[INF]	=====================================================		
[2022-12-01]	[16:59:29.894]	[INF]	App Start		
[2022-12-01]	[16:59:29.894]	[INF]	Initialization Start		
[2022-12-01]	[16:59:30.231]	[INF]	Pass MainWindow Create/Open		
[2022-12-01]	[16:59:30.231]	[INF]	Initialization Finished		
[2022-12-01]	[16:59:30.231]	[INF]	=====================================================		
