[2022-12-05]	[08:27:25.445]	[INF]	=====================================================		
[2022-12-05]	[08:27:25.465]	[INF]	App Start		
[2022-12-05]	[08:27:25.465]	[INF]	Initialization Start		
[2022-12-05]	[08:27:25.765]	[INF]	Pass MainWindow Create/Open		
[2022-12-05]	[08:27:25.766]	[INF]	Initialization Finished		
[2022-12-05]	[08:27:25.766]	[INF]	=====================================================		
[2022-12-05]	[08:34:01.653]	[INF]	=====================================================		
[2022-12-05]	[08:34:01.674]	[INF]	App Start		
[2022-12-05]	[08:34:01.674]	[INF]	Initialization Start		
[2022-12-05]	[08:34:01.963]	[INF]	Pass MainWindow Create/Open		
[2022-12-05]	[08:34:01.963]	[INF]	Initialization Finished		
[2022-12-05]	[08:34:01.963]	[INF]	=====================================================		
[2022-12-05]	[08:35:48.957]	[INF]	=====================================================		
[2022-12-05]	[08:35:48.980]	[INF]	App Start		
[2022-12-05]	[08:35:48.980]	[INF]	Initialization Start		
[2022-12-05]	[08:35:49.283]	[INF]	Pass MainWindow Create/Open		
[2022-12-05]	[08:35:49.284]	[INF]	Initialization Finished		
[2022-12-05]	[08:35:49.284]	[INF]	=====================================================		
[2022-12-05]	[08:37:39.056]	[INF]	=====================================================		
[2022-12-05]	[08:37:39.082]	[INF]	App Start		
[2022-12-05]	[08:37:39.082]	[INF]	Initialization Start		
[2022-12-05]	[08:37:39.374]	[INF]	Pass MainWindow Create/Open		
[2022-12-05]	[08:37:39.374]	[INF]	Initialization Finished		
[2022-12-05]	[08:37:39.374]	[INF]	=====================================================		
[2022-12-05]	[11:33:46.366]	[INF]	=====================================================		
[2022-12-05]	[11:33:46.406]	[INF]	App Start		
[2022-12-05]	[11:33:46.406]	[INF]	Initialization Start		
[2022-12-05]	[11:33:46.804]	[INF]	Pass MainWindow Create/Open		
[2022-12-05]	[11:33:46.804]	[INF]	Initialization Finished		
[2022-12-05]	[11:33:46.804]	[INF]	=====================================================		
[2022-12-05]	[16:28:07.210]	[INF]	=====================================================		
[2022-12-05]	[16:28:07.229]	[INF]	App Start		
[2022-12-05]	[16:28:07.229]	[INF]	Initialization Start		
[2022-12-05]	[16:28:07.665]	[INF]	Pass MainWindow Create/Open		
[2022-12-05]	[16:28:07.665]	[INF]	Initialization Finished		
[2022-12-05]	[16:28:07.665]	[INF]	=====================================================		
[2022-12-05]	[16:52:08.628]	[INF]	=====================================================		
[2022-12-05]	[16:52:08.651]	[INF]	App Start		
[2022-12-05]	[16:52:08.651]	[INF]	Initialization Start		
[2022-12-05]	[16:52:09.017]	[INF]	Pass MainWindow Create/Open		
[2022-12-05]	[16:52:09.017]	[INF]	Initialization Finished		
[2022-12-05]	[16:52:09.017]	[INF]	=====================================================		
[2022-12-05]	[16:56:03.330]	[INF]	=====================================================		
[2022-12-05]	[16:56:03.358]	[INF]	App Start		
[2022-12-05]	[16:56:03.358]	[INF]	Initialization Start		
[2022-12-05]	[16:56:03.725]	[INF]	Pass MainWindow Create/Open		
[2022-12-05]	[16:56:03.726]	[INF]	Initialization Finished		
[2022-12-05]	[16:56:03.726]	[INF]	=====================================================		
[2022-12-05]	[17:09:17.129]	[INF]	=====================================================		
[2022-12-05]	[17:09:17.168]	[INF]	App Start		
[2022-12-05]	[17:09:17.168]	[INF]	Initialization Start		
[2022-12-05]	[17:09:17.797]	[INF]	Pass MainWindow Create/Open		
[2022-12-05]	[17:09:17.797]	[INF]	Initialization Finished		
[2022-12-05]	[17:09:17.797]	[INF]	=====================================================		
[2022-12-05]	[17:12:07.626]	[INF]	=====================================================		
[2022-12-05]	[17:12:07.657]	[INF]	App Start		
[2022-12-05]	[17:12:07.658]	[INF]	Initialization Start		
[2022-12-05]	[17:12:08.250]	[INF]	Pass MainWindow Create/Open		
[2022-12-05]	[17:12:08.250]	[INF]	Initialization Finished		
[2022-12-05]	[17:12:08.250]	[INF]	=====================================================		
[2022-12-05]	[17:20:55.513]	[INF]	=====================================================		
[2022-12-05]	[17:20:55.537]	[INF]	App Start		
[2022-12-05]	[17:20:55.537]	[INF]	Initialization Start		
[2022-12-05]	[17:20:55.979]	[INF]	Pass MainWindow Create/Open		
[2022-12-05]	[17:20:55.979]	[INF]	Initialization Finished		
[2022-12-05]	[17:20:55.979]	[INF]	=====================================================		
[2022-12-05]	[17:21:36.754]	[INF]	=====================================================		
[2022-12-05]	[17:21:36.777]	[INF]	App Start		
[2022-12-05]	[17:21:36.777]	[INF]	Initialization Start		
[2022-12-05]	[17:21:37.163]	[INF]	Pass MainWindow Create/Open		
[2022-12-05]	[17:21:37.163]	[INF]	Initialization Finished		
[2022-12-05]	[17:21:37.163]	[INF]	=====================================================		
[2022-12-05]	[17:25:23.745]	[INF]	=====================================================		
[2022-12-05]	[17:25:23.770]	[INF]	App Start		
[2022-12-05]	[17:25:23.770]	[INF]	Initialization Start		
[2022-12-05]	[17:25:24.132]	[INF]	Pass MainWindow Create/Open		
[2022-12-05]	[17:25:24.132]	[INF]	Initialization Finished		
[2022-12-05]	[17:25:24.132]	[INF]	=====================================================		
[2022-12-05]	[17:27:14.101]	[INF]	=====================================================		
[2022-12-05]	[17:27:14.126]	[INF]	App Start		
[2022-12-05]	[17:27:14.126]	[INF]	Initialization Start		
[2022-12-05]	[17:27:14.519]	[INF]	Pass MainWindow Create/Open		
[2022-12-05]	[17:27:14.519]	[INF]	Initialization Finished		
[2022-12-05]	[17:27:14.519]	[INF]	=====================================================		
