[2022-12-02]	[15:16:36.178]	[INF]	=====================================================		
[2022-12-02]	[15:16:36.202]	[INF]	App Start		
[2022-12-02]	[15:16:36.202]	[INF]	Initialization Start		
[2022-12-02]	[15:16:36.555]	[INF]	Pass MainWindow Create/Open		
[2022-12-02]	[15:16:36.555]	[INF]	Initialization Finished		
[2022-12-02]	[15:16:36.556]	[INF]	=====================================================		
[2022-12-02]	[15:23:06.735]	[INF]	=====================================================		
[2022-12-02]	[15:23:06.758]	[INF]	App Start		
[2022-12-02]	[15:23:06.758]	[INF]	Initialization Start		
[2022-12-02]	[15:23:07.152]	[INF]	Pass MainWindow Create/Open		
[2022-12-02]	[15:23:07.152]	[INF]	Initialization Finished		
[2022-12-02]	[15:23:07.153]	[INF]	=====================================================		
[2022-12-02]	[15:23:29.148]	[INF]	=====================================================		
[2022-12-02]	[15:23:29.173]	[INF]	App Start		
[2022-12-02]	[15:23:29.173]	[INF]	Initialization Start		
[2022-12-02]	[15:23:29.541]	[INF]	Pass MainWindow Create/Open		
[2022-12-02]	[15:23:29.541]	[INF]	Initialization Finished		
[2022-12-02]	[15:23:29.541]	[INF]	=====================================================		
[2022-12-02]	[15:24:14.717]	[INF]	=====================================================		
[2022-12-02]	[15:24:14.740]	[INF]	App Start		
[2022-12-02]	[15:24:14.740]	[INF]	Initialization Start		
[2022-12-02]	[15:24:15.110]	[INF]	Pass MainWindow Create/Open		
[2022-12-02]	[15:24:15.110]	[INF]	Initialization Finished		
[2022-12-02]	[15:24:15.110]	[INF]	=====================================================		
[2022-12-02]	[15:53:54.982]	[INF]	=====================================================		
[2022-12-02]	[15:53:55.007]	[INF]	App Start		
[2022-12-02]	[15:53:55.007]	[INF]	Initialization Start		
[2022-12-02]	[15:53:55.362]	[INF]	Pass MainWindow Create/Open		
[2022-12-02]	[15:53:55.363]	[INF]	Initialization Finished		
[2022-12-02]	[15:53:55.363]	[INF]	=====================================================		
[2022-12-02]	[16:29:10.063]	[INF]	=====================================================		
[2022-12-02]	[16:29:10.087]	[INF]	App Start		
[2022-12-02]	[16:29:10.087]	[INF]	Initialization Start		
[2022-12-02]	[16:29:10.438]	[INF]	Pass MainWindow Create/Open		
[2022-12-02]	[16:29:10.438]	[INF]	Initialization Finished		
[2022-12-02]	[16:29:10.438]	[INF]	=====================================================		
[2022-12-02]	[16:32:04.176]	[INF]	=====================================================		
[2022-12-02]	[16:32:04.198]	[INF]	App Start		
[2022-12-02]	[16:32:04.198]	[INF]	Initialization Start		
[2022-12-02]	[16:32:04.549]	[INF]	Pass MainWindow Create/Open		
[2022-12-02]	[16:32:04.549]	[INF]	Initialization Finished		
[2022-12-02]	[16:32:04.549]	[INF]	=====================================================		
