[2022-12-23]	[17:23:08.691]	[INF]	=====================================================		
[2022-12-23]	[17:23:08.737]	[INF]	App Start		
[2022-12-23]	[17:23:08.737]	[INF]	Initialization Start		
[2022-12-23]	[17:23:08.807]	[DBG]	Task Start		
[2022-12-23]	[17:23:08.820]	[DBG]	Task Start		
[2022-12-23]	[17:23:08.821]	[DBG]	Task IN		
[2022-12-23]	[17:23:08.822]	[DBG]	Task Start		
[2022-12-23]	[17:23:08.822]	[DBG]	Task IN		
[2022-12-23]	[17:23:08.823]	[DBG]	Task IN		
[2022-12-23]	[17:23:08.825]	[DBG]	Task Start		
[2022-12-23]	[17:23:08.825]	[DBG]	Task IN		
[2022-12-23]	[17:23:08.827]	[DBG]	Task Start		
[2022-12-23]	[17:23:08.827]	[DBG]	Task IN		
[2022-12-23]	[17:23:08.829]	[DBG]	Task Start		
[2022-12-23]	[17:23:08.829]	[DBG]	Task IN		
[2022-12-23]	[17:23:08.831]	[DBG]	Task Start		
[2022-12-23]	[17:23:08.831]	[DBG]	Task IN		
[2022-12-23]	[17:23:08.833]	[DBG]	Task Start		
[2022-12-23]	[17:23:08.834]	[DBG]	Task IN		
[2022-12-23]	[17:23:08.835]	[DBG]	Task Start		
[2022-12-23]	[17:23:08.835]	[DBG]	Task IN		
[2022-12-23]	[17:23:08.837]	[DBG]	Task Start		
[2022-12-23]	[17:23:08.837]	[DBG]	Task IN		
[2022-12-23]	[17:23:08.839]	[DBG]	Task Start		
[2022-12-23]	[17:23:08.839]	[DBG]	Task IN		
[2022-12-23]	[17:23:08.841]	[DBG]	Task Start		
[2022-12-23]	[17:23:08.841]	[DBG]	Task IN		
[2022-12-23]	[17:23:08.843]	[DBG]	Task Start		
[2022-12-23]	[17:23:08.843]	[DBG]	Task IN		
[2022-12-23]	[17:23:08.845]	[DBG]	Task Start		
[2022-12-23]	[17:23:08.845]	[DBG]	Task IN		
[2022-12-23]	[17:23:08.847]	[DBG]	Task Start		
[2022-12-23]	[17:23:08.847]	[DBG]	Task IN		
[2022-12-23]	[17:23:08.849]	[DBG]	Task Start		
[2022-12-23]	[17:23:08.849]	[DBG]	Task IN		
[2022-12-23]	[17:23:08.851]	[DBG]	Task Start		
[2022-12-23]	[17:23:08.851]	[DBG]	Task IN		
[2022-12-23]	[17:23:08.853]	[DBG]	Task Start		
[2022-12-23]	[17:23:08.853]	[DBG]	Task IN		
[2022-12-23]	[17:23:08.855]	[DBG]	Task Start		
[2022-12-23]	[17:23:08.855]	[DBG]	Task IN		
[2022-12-23]	[17:23:08.857]	[DBG]	Task Start		
[2022-12-23]	[17:23:08.857]	[DBG]	Task IN		
[2022-12-23]	[17:23:08.859]	[DBG]	Task Start		
[2022-12-23]	[17:23:08.859]	[DBG]	Task IN		
[2022-12-23]	[17:23:08.861]	[DBG]	Task Start		
[2022-12-23]	[17:23:08.861]	[DBG]	Task IN		
[2022-12-23]	[17:23:08.863]	[DBG]	Task Start		
[2022-12-23]	[17:23:08.863]	[DBG]	Task IN		
[2022-12-23]	[17:23:08.865]	[DBG]	Task Start		
[2022-12-23]	[17:23:08.865]	[DBG]	Task IN		
[2022-12-23]	[17:23:08.867]	[DBG]	Task Start		
[2022-12-23]	[17:23:08.867]	[DBG]	Task IN		
[2022-12-23]	[17:23:08.869]	[DBG]	Task Start		
[2022-12-23]	[17:23:08.869]	[DBG]	Task IN		
[2022-12-23]	[17:23:08.871]	[DBG]	Task Start		
[2022-12-23]	[17:23:08.871]	[DBG]	Task IN		
[2022-12-23]	[17:23:08.873]	[DBG]	Task Start		
[2022-12-23]	[17:23:08.873]	[DBG]	Task IN		
[2022-12-23]	[17:23:08.875]	[DBG]	Task Start		
[2022-12-23]	[17:23:08.875]	[DBG]	Task IN		
[2022-12-23]	[17:23:08.877]	[DBG]	Task Start		
[2022-12-23]	[17:23:08.877]	[DBG]	Task IN		
[2022-12-23]	[17:23:08.878]	[DBG]	Task Start		
[2022-12-23]	[17:23:08.878]	[DBG]	Task IN		
[2022-12-23]	[17:23:08.880]	[DBG]	Task Start		
[2022-12-23]	[17:23:08.880]	[DBG]	Task IN		
[2022-12-23]	[17:23:08.882]	[DBG]	Task Start		
[2022-12-23]	[17:23:08.882]	[DBG]	Task IN		
[2022-12-23]	[17:23:08.884]	[DBG]	Task Start		
[2022-12-23]	[17:23:08.884]	[DBG]	Task IN		
[2022-12-23]	[17:23:08.886]	[DBG]	Task Start		
[2022-12-23]	[17:23:08.886]	[DBG]	Task IN		
[2022-12-23]	[17:23:08.888]	[DBG]	Task Start		
[2022-12-23]	[17:23:08.888]	[DBG]	Task IN		
[2022-12-23]	[17:23:08.890]	[DBG]	Task Start		
[2022-12-23]	[17:23:08.890]	[DBG]	Task IN		
[2022-12-23]	[17:23:08.892]	[DBG]	Task Start		
[2022-12-23]	[17:23:08.892]	[DBG]	Task IN		
[2022-12-23]	[17:23:08.894]	[DBG]	Task Start		
[2022-12-23]	[17:23:08.894]	[DBG]	Task IN		
[2022-12-23]	[17:23:08.896]	[DBG]	Task Start		
[2022-12-23]	[17:23:08.896]	[DBG]	Task IN		
[2022-12-23]	[17:23:08.898]	[DBG]	Task Start		
[2022-12-23]	[17:23:08.898]	[DBG]	Task IN		
[2022-12-23]	[17:23:08.900]	[DBG]	Task Start		
[2022-12-23]	[17:23:08.900]	[DBG]	Task IN		
[2022-12-23]	[17:23:08.902]	[DBG]	Task Start		
[2022-12-23]	[17:23:08.902]	[DBG]	Task IN		
[2022-12-23]	[17:23:08.904]	[DBG]	Task Start		
[2022-12-23]	[17:23:08.904]	[DBG]	Task IN		
[2022-12-23]	[17:23:08.906]	[DBG]	Task Start		
[2022-12-23]	[17:23:08.906]	[DBG]	Task IN		
[2022-12-23]	[17:23:08.908]	[DBG]	Task Start		
[2022-12-23]	[17:23:08.909]	[DBG]	Task IN		
[2022-12-23]	[17:23:08.910]	[DBG]	Task Start		
[2022-12-23]	[17:23:08.910]	[DBG]	Task IN		
[2022-12-23]	[17:23:08.912]	[DBG]	Task Start		
[2022-12-23]	[17:23:08.912]	[DBG]	Task IN		
[2022-12-23]	[17:23:08.914]	[DBG]	Task Start		
[2022-12-23]	[17:23:08.914]	[DBG]	Task IN		
[2022-12-23]	[17:23:08.916]	[DBG]	Task Start		
[2022-12-23]	[17:23:08.917]	[DBG]	Task IN		
[2022-12-23]	[17:23:08.919]	[DBG]	Task Start		
[2022-12-23]	[17:23:08.919]	[DBG]	Task IN		
[2022-12-23]	[17:23:08.921]	[DBG]	Task Start		
[2022-12-23]	[17:23:08.921]	[DBG]	Task IN		
[2022-12-23]	[17:23:08.924]	[DBG]	Task Start		
[2022-12-23]	[17:23:08.924]	[DBG]	Task IN		
[2022-12-23]	[17:23:08.926]	[DBG]	Task Start		
[2022-12-23]	[17:23:08.926]	[DBG]	Task IN		
[2022-12-23]	[17:23:08.928]	[DBG]	Task Start		
[2022-12-23]	[17:23:08.928]	[DBG]	Task IN		
[2022-12-23]	[17:23:08.930]	[DBG]	Task Start		
[2022-12-23]	[17:23:08.930]	[DBG]	Task IN		
[2022-12-23]	[17:23:08.932]	[DBG]	Task Start		
[2022-12-23]	[17:23:08.932]	[DBG]	Task IN		
[2022-12-23]	[17:23:08.934]	[DBG]	Task Start		
[2022-12-23]	[17:23:08.934]	[DBG]	Task IN		
[2022-12-23]	[17:23:08.936]	[DBG]	Task Start		
[2022-12-23]	[17:23:08.936]	[DBG]	Task IN		
[2022-12-23]	[17:23:08.938]	[DBG]	Task Start		
[2022-12-23]	[17:23:08.938]	[DBG]	Task IN		
[2022-12-23]	[17:23:08.940]	[DBG]	Task Start		
[2022-12-23]	[17:23:08.940]	[DBG]	Task IN		
[2022-12-23]	[17:23:08.942]	[DBG]	Task Start		
[2022-12-23]	[17:23:08.942]	[DBG]	Task IN		
[2022-12-23]	[17:23:08.944]	[DBG]	Task Start		
[2022-12-23]	[17:23:08.944]	[DBG]	Task IN		
[2022-12-23]	[17:23:08.946]	[DBG]	Task Start		
[2022-12-23]	[17:23:08.946]	[DBG]	Task IN		
[2022-12-23]	[17:23:08.948]	[DBG]	Task Start		
[2022-12-23]	[17:23:08.948]	[DBG]	Task IN		
[2022-12-23]	[17:23:08.950]	[DBG]	Task Start		
[2022-12-23]	[17:23:08.950]	[DBG]	Task IN		
[2022-12-23]	[17:23:08.952]	[DBG]	Task Start		
[2022-12-23]	[17:23:08.952]	[DBG]	Task IN		
[2022-12-23]	[17:23:08.954]	[DBG]	Task Start		
[2022-12-23]	[17:23:08.954]	[DBG]	Task IN		
[2022-12-23]	[17:23:08.956]	[DBG]	Task Start		
[2022-12-23]	[17:23:08.956]	[DBG]	Task IN		
[2022-12-23]	[17:23:08.958]	[DBG]	Task Start		
[2022-12-23]	[17:23:08.960]	[DBG]	Task Start		
[2022-12-23]	[17:23:08.962]	[DBG]	Task IN		
[2022-12-23]	[17:23:08.962]	[DBG]	Task IN		
[2022-12-23]	[17:23:08.964]	[DBG]	Task Start		
[2022-12-23]	[17:23:08.964]	[DBG]	Task IN		
[2022-12-23]	[17:23:08.966]	[DBG]	Task Start		
[2022-12-23]	[17:23:08.966]	[DBG]	Task IN		
[2022-12-23]	[17:23:08.968]	[DBG]	Task Start		
[2022-12-23]	[17:23:08.968]	[DBG]	Task IN		
[2022-12-23]	[17:23:08.970]	[DBG]	Task Start		
[2022-12-23]	[17:23:08.970]	[DBG]	Task IN		
[2022-12-23]	[17:23:08.972]	[DBG]	Task Start		
[2022-12-23]	[17:23:08.973]	[DBG]	Task IN		
[2022-12-23]	[17:23:08.974]	[DBG]	Task Start		
[2022-12-23]	[17:23:08.976]	[DBG]	Task Start		
[2022-12-23]	[17:23:08.978]	[DBG]	Task Start		
[2022-12-23]	[17:23:08.980]	[DBG]	Task Start		
[2022-12-23]	[17:23:08.980]	[DBG]	Task IN		
[2022-12-23]	[17:23:08.980]	[DBG]	Task IN		
[2022-12-23]	[17:23:08.980]	[DBG]	Task IN		
[2022-12-23]	[17:23:08.981]	[DBG]	Task IN		
[2022-12-23]	[17:23:08.982]	[DBG]	Task Start		
[2022-12-23]	[17:23:08.982]	[DBG]	Task IN		
[2022-12-23]	[17:23:08.984]	[DBG]	Task Start		
[2022-12-23]	[17:23:08.984]	[DBG]	Task IN		
[2022-12-23]	[17:23:08.986]	[DBG]	Task Start		
[2022-12-23]	[17:23:08.987]	[DBG]	Task IN		
[2022-12-23]	[17:23:08.991]	[DBG]	Task Start		
[2022-12-23]	[17:23:08.993]	[DBG]	Task IN		
[2022-12-23]	[17:23:08.995]	[DBG]	Task Start		
[2022-12-23]	[17:23:08.995]	[DBG]	Task IN		
[2022-12-23]	[17:23:08.997]	[DBG]	Task Start		
[2022-12-23]	[17:23:08.997]	[DBG]	Task IN		
[2022-12-23]	[17:23:08.999]	[DBG]	Task Start		
[2022-12-23]	[17:23:08.999]	[DBG]	Task IN		
[2022-12-23]	[17:23:09.001]	[DBG]	Task Start		
[2022-12-23]	[17:23:09.010]	[DBG]	Task Start		
[2022-12-23]	[17:23:09.010]	[DBG]	Task IN		
[2022-12-23]	[17:23:09.010]	[DBG]	Task IN		
[2022-12-23]	[17:23:09.012]	[DBG]	Task Start		
[2022-12-23]	[17:23:09.014]	[DBG]	Task Start		
[2022-12-23]	[17:23:09.014]	[DBG]	Task IN		
[2022-12-23]	[17:23:09.014]	[DBG]	Task IN		
[2022-12-23]	[17:23:09.016]	[DBG]	Task Start		
[2022-12-23]	[17:23:09.016]	[DBG]	Task IN		
[2022-12-23]	[17:23:09.018]	[DBG]	Task Start		
[2022-12-23]	[17:23:09.018]	[DBG]	Task IN		
[2022-12-23]	[17:23:09.021]	[DBG]	Task Start		
[2022-12-23]	[17:23:09.024]	[DBG]	Task Start		
[2022-12-23]	[17:23:09.024]	[DBG]	Task IN		
[2022-12-23]	[17:23:09.024]	[DBG]	Task IN		
[2022-12-23]	[17:23:09.026]	[DBG]	Task Start		
[2022-12-23]	[17:23:09.027]	[DBG]	Task IN		
[2022-12-23]	[17:23:09.028]	[DBG]	Task Start		
[2022-12-23]	[17:23:09.029]	[DBG]	Task IN		
[2022-12-23]	[17:23:09.030]	[DBG]	Task Start		
[2022-12-23]	[17:23:09.030]	[DBG]	Task IN		
[2022-12-23]	[17:23:09.034]	[DBG]	Task Start		
[2022-12-23]	[17:23:09.035]	[DBG]	Task IN		
[2022-12-23]	[17:23:09.037]	[DBG]	Task Start		
[2022-12-23]	[17:23:09.039]	[DBG]	Task Start		
[2022-12-23]	[17:23:09.039]	[DBG]	Task IN		
[2022-12-23]	[17:23:09.039]	[DBG]	Task IN		
[2022-12-23]	[17:23:09.041]	[DBG]	Task Start		
[2022-12-23]	[17:23:09.043]	[DBG]	Task Start		
[2022-12-23]	[17:23:09.045]	[DBG]	Task Start		
[2022-12-23]	[17:23:09.045]	[DBG]	Task IN		
[2022-12-23]	[17:23:09.045]	[DBG]	Task IN		
[2022-12-23]	[17:23:09.045]	[DBG]	Task IN		
[2022-12-23]	[17:23:09.047]	[DBG]	Task Start		
[2022-12-23]	[17:23:09.050]	[DBG]	Task Start		
[2022-12-23]	[17:23:09.052]	[DBG]	Task Start		
[2022-12-23]	[17:23:09.055]	[DBG]	Task Start		
[2022-12-23]	[17:23:09.057]	[DBG]	Task Start		
[2022-12-23]	[17:23:09.057]	[DBG]	Task IN		
[2022-12-23]	[17:23:09.057]	[DBG]	Task IN		
[2022-12-23]	[17:23:09.057]	[DBG]	Task IN		
[2022-12-23]	[17:23:09.057]	[DBG]	Task IN		
[2022-12-23]	[17:23:09.057]	[DBG]	Task IN		
[2022-12-23]	[17:23:09.060]	[DBG]	Task Start		
[2022-12-23]	[17:23:09.066]	[DBG]	Task IN		
[2022-12-23]	[17:23:09.066]	[DBG]	Task Start		
[2022-12-23]	[17:23:09.087]	[DBG]	Task Start		
[2022-12-23]	[17:23:09.088]	[DBG]	Task IN		
[2022-12-23]	[17:23:09.088]	[DBG]	Task IN		
[2022-12-23]	[17:23:09.095]	[DBG]	Task Start		
[2022-12-23]	[17:23:09.099]	[DBG]	Task IN		
[2022-12-23]	[17:23:09.099]	[DBG]	Task Start		
[2022-12-23]	[17:23:09.099]	[DBG]	Task IN		
[2022-12-23]	[17:23:09.101]	[DBG]	Task Start		
[2022-12-23]	[17:23:09.102]	[DBG]	Task IN		
[2022-12-23]	[17:23:09.104]	[DBG]	Task Start		
[2022-12-23]	[17:23:09.104]	[DBG]	Task IN		
[2022-12-23]	[17:23:09.106]	[DBG]	Task Start		
[2022-12-23]	[17:23:09.106]	[DBG]	Task IN		
[2022-12-23]	[17:23:09.109]	[DBG]	Task Start		
[2022-12-23]	[17:23:09.109]	[DBG]	Task IN		
[2022-12-23]	[17:23:09.111]	[DBG]	Task Start		
[2022-12-23]	[17:23:09.111]	[DBG]	Task IN		
[2022-12-23]	[17:23:09.113]	[DBG]	Task Start		
[2022-12-23]	[17:23:09.113]	[DBG]	Task IN		
[2022-12-23]	[17:23:09.115]	[DBG]	Task Start		
[2022-12-23]	[17:23:09.115]	[DBG]	Task IN		
[2022-12-23]	[17:23:09.117]	[DBG]	Task Start		
[2022-12-23]	[17:23:09.117]	[DBG]	Task IN		
[2022-12-23]	[17:23:09.119]	[DBG]	Task Start		
[2022-12-23]	[17:23:09.119]	[DBG]	Task IN		
[2022-12-23]	[17:23:09.121]	[DBG]	Task Start		
[2022-12-23]	[17:23:09.121]	[DBG]	Task IN		
[2022-12-23]	[17:23:09.123]	[DBG]	Task Start		
[2022-12-23]	[17:23:09.123]	[DBG]	Task IN		
[2022-12-23]	[17:23:09.125]	[DBG]	Task Start		
[2022-12-23]	[17:23:09.125]	[DBG]	Task IN		
[2022-12-23]	[17:23:09.127]	[DBG]	Task Start		
[2022-12-23]	[17:23:09.127]	[DBG]	Task IN		
[2022-12-23]	[17:23:09.129]	[DBG]	Task Start		
[2022-12-23]	[17:23:09.129]	[DBG]	Task IN		
[2022-12-23]	[17:23:09.131]	[DBG]	Task Start		
[2022-12-23]	[17:23:09.131]	[DBG]	Task IN		
[2022-12-23]	[17:23:09.133]	[DBG]	Task Start		
[2022-12-23]	[17:23:09.134]	[DBG]	Task IN		
[2022-12-23]	[17:23:09.136]	[DBG]	Task Start		
[2022-12-23]	[17:23:09.136]	[DBG]	Task IN		
[2022-12-23]	[17:23:09.138]	[DBG]	Task Start		
[2022-12-23]	[17:23:09.138]	[DBG]	Task IN		
[2022-12-23]	[17:23:09.140]	[DBG]	Task Start		
[2022-12-23]	[17:23:09.140]	[DBG]	Task IN		
[2022-12-23]	[17:23:09.142]	[DBG]	Task Start		
[2022-12-23]	[17:23:09.142]	[DBG]	Task IN		
[2022-12-23]	[17:23:09.144]	[DBG]	Task Start		
[2022-12-23]	[17:23:09.144]	[DBG]	Task IN		
[2022-12-23]	[17:23:09.146]	[DBG]	Task Start		
[2022-12-23]	[17:23:09.146]	[DBG]	Task IN		
[2022-12-23]	[17:23:09.148]	[DBG]	Task Start		
[2022-12-23]	[17:23:09.148]	[DBG]	Task IN		
[2022-12-23]	[17:23:09.150]	[DBG]	Task Start		
[2022-12-23]	[17:23:09.150]	[DBG]	Task IN		
[2022-12-23]	[17:23:09.152]	[DBG]	Task Start		
[2022-12-23]	[17:23:09.152]	[DBG]	Task IN		
[2022-12-23]	[17:23:09.154]	[DBG]	Task Start		
[2022-12-23]	[17:23:09.154]	[DBG]	Task IN		
[2022-12-23]	[17:23:09.156]	[DBG]	Task Start		
[2022-12-23]	[17:23:09.156]	[DBG]	Task IN		
[2022-12-23]	[17:23:09.158]	[DBG]	Task Start		
[2022-12-23]	[17:23:09.158]	[DBG]	Task IN		
[2022-12-23]	[17:23:09.160]	[DBG]	Task Start		
[2022-12-23]	[17:23:09.160]	[DBG]	Task IN		
[2022-12-23]	[17:23:09.162]	[DBG]	Task Start		
[2022-12-23]	[17:23:09.163]	[DBG]	Task IN		
[2022-12-23]	[17:23:09.164]	[DBG]	Task Start		
[2022-12-23]	[17:23:09.164]	[DBG]	Task IN		
[2022-12-23]	[17:23:09.166]	[DBG]	Task Start		
[2022-12-23]	[17:23:09.166]	[DBG]	Task IN		
[2022-12-23]	[17:23:09.168]	[DBG]	Task Start		
[2022-12-23]	[17:23:09.169]	[DBG]	Task IN		
[2022-12-23]	[17:23:09.171]	[DBG]	Task Start		
[2022-12-23]	[17:23:09.171]	[DBG]	Task IN		
[2022-12-23]	[17:23:09.173]	[DBG]	Task Start		
[2022-12-23]	[17:23:09.173]	[DBG]	Task IN		
[2022-12-23]	[17:23:09.176]	[DBG]	Task Start		
[2022-12-23]	[17:23:09.176]	[DBG]	Task IN		
[2022-12-23]	[17:23:09.178]	[DBG]	Task Start		
[2022-12-23]	[17:23:09.178]	[DBG]	Task IN		
[2022-12-23]	[17:23:09.180]	[DBG]	Task Start		
[2022-12-23]	[17:23:09.180]	[DBG]	Task IN		
[2022-12-23]	[17:23:09.182]	[DBG]	Task Start		
[2022-12-23]	[17:23:09.182]	[DBG]	Task IN		
[2022-12-23]	[17:23:09.188]	[DBG]	Task Start		
[2022-12-23]	[17:23:09.188]	[DBG]	Task IN		
[2022-12-23]	[17:23:09.190]	[DBG]	Task Start		
[2022-12-23]	[17:23:09.190]	[DBG]	Task IN		
[2022-12-23]	[17:23:09.192]	[DBG]	Task Start		
[2022-12-23]	[17:23:09.192]	[DBG]	Task IN		
[2022-12-23]	[17:23:09.194]	[DBG]	Task Start		
[2022-12-23]	[17:23:09.194]	[DBG]	Task IN		
[2022-12-23]	[17:23:09.196]	[DBG]	Task Start		
[2022-12-23]	[17:23:09.196]	[DBG]	Task IN		
[2022-12-23]	[17:23:09.198]	[DBG]	Task Start		
[2022-12-23]	[17:23:09.198]	[DBG]	Task IN		
[2022-12-23]	[17:23:09.202]	[DBG]	Task Start		
[2022-12-23]	[17:23:09.202]	[DBG]	Task IN		
[2022-12-23]	[17:23:09.207]	[DBG]	Task Start		
[2022-12-23]	[17:23:09.207]	[DBG]	Task IN		
[2022-12-23]	[17:23:09.209]	[DBG]	Task Start		
[2022-12-23]	[17:23:09.209]	[DBG]	Task IN		
[2022-12-23]	[17:23:09.211]	[DBG]	Task Start		
[2022-12-23]	[17:23:09.211]	[DBG]	Task IN		
[2022-12-23]	[17:23:09.221]	[DBG]	Task Start		
[2022-12-23]	[17:23:09.243]	[DBG]	Task IN		
[2022-12-23]	[17:23:09.243]	[DBG]	Task Start		
[2022-12-23]	[17:23:09.246]	[DBG]	Task IN		
[2022-12-23]	[17:23:09.246]	[DBG]	Task Start		
[2022-12-23]	[17:23:09.246]	[DBG]	Task IN		
[2022-12-23]	[17:23:09.248]	[DBG]	Task Start		
[2022-12-23]	[17:23:09.248]	[DBG]	Task IN		
[2022-12-23]	[17:23:09.250]	[DBG]	Task Start		
[2022-12-23]	[17:23:09.251]	[DBG]	Task IN		
[2022-12-23]	[17:23:09.260]	[DBG]	Task Start		
[2022-12-23]	[17:23:09.260]	[DBG]	Task IN		
[2022-12-23]	[17:23:09.265]	[DBG]	Task Start		
[2022-12-23]	[17:23:09.266]	[DBG]	Task IN		
[2022-12-23]	[17:23:09.276]	[DBG]	Task Start		
[2022-12-23]	[17:23:09.279]	[DBG]	Task IN		
[2022-12-23]	[17:23:09.281]	[DBG]	Task Start		
[2022-12-23]	[17:23:09.285]	[DBG]	Task IN		
[2022-12-23]	[17:23:09.285]	[DBG]	Task Start		
[2022-12-23]	[17:23:09.286]	[DBG]	Task IN		
[2022-12-23]	[17:23:09.287]	[DBG]	Task Start		
[2022-12-23]	[17:23:09.287]	[DBG]	Task IN		
[2022-12-23]	[17:23:09.289]	[DBG]	Task Start		
[2022-12-23]	[17:23:09.290]	[DBG]	Task IN		
[2022-12-23]	[17:23:09.296]	[DBG]	Task Start		
[2022-12-23]	[17:23:09.296]	[DBG]	Task IN		
[2022-12-23]	[17:23:09.298]	[DBG]	Task Start		
[2022-12-23]	[17:23:09.298]	[DBG]	Task IN		
[2022-12-23]	[17:23:09.300]	[DBG]	Task Start		
[2022-12-23]	[17:23:09.300]	[DBG]	Task IN		
[2022-12-23]	[17:23:09.302]	[DBG]	Task Start		
[2022-12-23]	[17:23:09.302]	[DBG]	Task IN		
[2022-12-23]	[17:23:09.304]	[DBG]	Task Start		
[2022-12-23]	[17:23:09.307]	[DBG]	Task IN		
[2022-12-23]	[17:23:09.308]	[DBG]	Task Start		
[2022-12-23]	[17:23:09.309]	[DBG]	Task IN		
[2022-12-23]	[17:23:09.310]	[DBG]	Task Start		
[2022-12-23]	[17:23:09.311]	[DBG]	Task IN		
[2022-12-23]	[17:23:09.313]	[DBG]	Task Start		
[2022-12-23]	[17:23:09.313]	[DBG]	Task IN		
[2022-12-23]	[17:23:09.315]	[DBG]	Task Start		
[2022-12-23]	[17:23:09.315]	[DBG]	Task IN		
[2022-12-23]	[17:23:09.318]	[DBG]	Task Start		
[2022-12-23]	[17:23:09.318]	[DBG]	Task IN		
[2022-12-23]	[17:23:09.320]	[DBG]	Task Start		
[2022-12-23]	[17:23:09.320]	[DBG]	Task IN		
[2022-12-23]	[17:23:09.322]	[DBG]	Task Start		
[2022-12-23]	[17:23:09.322]	[DBG]	Task IN		
[2022-12-23]	[17:23:09.324]	[DBG]	Task Start		
[2022-12-23]	[17:23:09.324]	[DBG]	Task IN		
[2022-12-23]	[17:23:09.326]	[DBG]	Task Start		
[2022-12-23]	[17:23:09.326]	[DBG]	Task IN		
[2022-12-23]	[17:23:09.328]	[DBG]	Task Start		
[2022-12-23]	[17:23:09.328]	[DBG]	Task IN		
[2022-12-23]	[17:23:09.330]	[DBG]	Task Start		
[2022-12-23]	[17:23:09.330]	[DBG]	Task IN		
[2022-12-23]	[17:23:09.332]	[DBG]	Task Start		
[2022-12-23]	[17:23:09.332]	[DBG]	Task IN		
[2022-12-23]	[17:23:09.334]	[DBG]	Task Start		
[2022-12-23]	[17:23:09.334]	[DBG]	Task IN		
[2022-12-23]	[17:23:09.336]	[DBG]	Task Start		
[2022-12-23]	[17:23:09.336]	[DBG]	Task IN		
[2022-12-23]	[17:23:09.338]	[DBG]	Task Start		
[2022-12-23]	[17:23:09.338]	[DBG]	Task IN		
[2022-12-23]	[17:23:09.340]	[DBG]	Task Start		
[2022-12-23]	[17:23:09.340]	[DBG]	Task IN		
[2022-12-23]	[17:23:09.342]	[DBG]	Task Start		
[2022-12-23]	[17:23:09.342]	[DBG]	Task IN		
[2022-12-23]	[17:23:09.344]	[DBG]	Task Start		
[2022-12-23]	[17:23:09.344]	[DBG]	Task IN		
[2022-12-23]	[17:23:09.346]	[DBG]	Task Start		
[2022-12-23]	[17:23:09.346]	[DBG]	Task IN		
[2022-12-23]	[17:23:09.348]	[DBG]	Task Start		
[2022-12-23]	[17:23:09.348]	[DBG]	Task IN		
[2022-12-23]	[17:23:09.350]	[DBG]	Task Start		
[2022-12-23]	[17:23:09.350]	[DBG]	Task IN		
[2022-12-23]	[17:23:09.352]	[DBG]	Task Start		
[2022-12-23]	[17:23:09.352]	[DBG]	Task IN		
[2022-12-23]	[17:23:09.354]	[DBG]	Task Start		
[2022-12-23]	[17:23:09.354]	[DBG]	Task IN		
[2022-12-23]	[17:23:09.356]	[DBG]	Task Start		
[2022-12-23]	[17:23:09.356]	[DBG]	Task IN		
[2022-12-23]	[17:23:09.358]	[DBG]	Task Start		
[2022-12-23]	[17:23:09.358]	[DBG]	Task IN		
[2022-12-23]	[17:23:09.360]	[DBG]	Task Start		
[2022-12-23]	[17:23:09.360]	[DBG]	Task IN		
[2022-12-23]	[17:23:09.362]	[DBG]	Task Start		
[2022-12-23]	[17:23:09.362]	[DBG]	Task IN		
[2022-12-23]	[17:23:09.364]	[DBG]	Task Start		
[2022-12-23]	[17:23:09.364]	[DBG]	Task IN		
[2022-12-23]	[17:23:09.366]	[DBG]	Task Start		
[2022-12-23]	[17:23:09.367]	[DBG]	Task IN		
[2022-12-23]	[17:23:09.369]	[DBG]	Task Start		
[2022-12-23]	[17:23:09.369]	[DBG]	Task IN		
[2022-12-23]	[17:23:09.371]	[DBG]	Task Start		
[2022-12-23]	[17:23:09.371]	[DBG]	Task IN		
[2022-12-23]	[17:23:09.373]	[DBG]	Task Start		
[2022-12-23]	[17:23:09.373]	[DBG]	Task IN		
[2022-12-23]	[17:23:09.375]	[DBG]	Task Start		
[2022-12-23]	[17:23:09.375]	[DBG]	Task IN		
[2022-12-23]	[17:23:09.377]	[DBG]	Task Start		
[2022-12-23]	[17:23:09.377]	[DBG]	Task IN		
[2022-12-23]	[17:23:09.380]	[DBG]	Task Start		
[2022-12-23]	[17:23:09.380]	[DBG]	Task IN		
[2022-12-23]	[17:23:09.382]	[DBG]	Task Start		
[2022-12-23]	[17:23:09.382]	[DBG]	Task IN		
[2022-12-23]	[17:23:09.384]	[DBG]	Task Start		
[2022-12-23]	[17:23:09.385]	[DBG]	Task IN		
[2022-12-23]	[17:23:09.387]	[DBG]	Task Start		
[2022-12-23]	[17:23:09.387]	[DBG]	Task IN		
[2022-12-23]	[17:23:09.389]	[DBG]	Task Start		
[2022-12-23]	[17:23:09.390]	[DBG]	Task IN		
[2022-12-23]	[17:23:09.391]	[DBG]	Task Start		
[2022-12-23]	[17:23:09.391]	[DBG]	Task IN		
[2022-12-23]	[17:23:09.393]	[DBG]	Task Start		
[2022-12-23]	[17:23:09.393]	[DBG]	Task IN		
[2022-12-23]	[17:23:09.395]	[DBG]	Task Start		
[2022-12-23]	[17:23:09.395]	[DBG]	Task IN		
[2022-12-23]	[17:23:09.397]	[DBG]	Task Start		
[2022-12-23]	[17:23:09.397]	[DBG]	Task IN		
[2022-12-23]	[17:23:09.399]	[DBG]	Task Start		
[2022-12-23]	[17:23:09.399]	[DBG]	Task IN		
[2022-12-23]	[17:23:09.401]	[DBG]	Task Start		
[2022-12-23]	[17:23:09.402]	[DBG]	Task IN		
[2022-12-23]	[17:23:09.404]	[DBG]	Task Start		
[2022-12-23]	[17:23:09.404]	[DBG]	Task IN		
[2022-12-23]	[17:23:09.406]	[DBG]	Task Start		
[2022-12-23]	[17:23:09.406]	[DBG]	Task IN		
[2022-12-23]	[17:23:09.408]	[DBG]	Task Start		
[2022-12-23]	[17:23:09.408]	[DBG]	Task IN		
[2022-12-23]	[17:23:09.410]	[DBG]	Task Start		
[2022-12-23]	[17:23:09.410]	[DBG]	Task IN		
[2022-12-23]	[17:23:09.412]	[DBG]	Task Start		
[2022-12-23]	[17:23:09.412]	[DBG]	Task IN		
[2022-12-23]	[17:23:09.414]	[DBG]	Task Start		
[2022-12-23]	[17:23:09.414]	[DBG]	Task IN		
[2022-12-23]	[17:23:09.416]	[DBG]	Task Start		
[2022-12-23]	[17:23:09.416]	[DBG]	Task IN		
[2022-12-23]	[17:23:09.418]	[DBG]	Task Start		
[2022-12-23]	[17:23:09.418]	[DBG]	Task IN		
[2022-12-23]	[17:23:09.422]	[DBG]	Task Start		
[2022-12-23]	[17:23:09.422]	[DBG]	Task IN		
[2022-12-23]	[17:23:09.424]	[DBG]	Task Start		
[2022-12-23]	[17:23:09.424]	[DBG]	Task IN		
[2022-12-23]	[17:23:09.426]	[DBG]	Task Start		
[2022-12-23]	[17:23:09.427]	[DBG]	Task IN		
[2022-12-23]	[17:23:09.429]	[DBG]	Task Start		
[2022-12-23]	[17:23:09.429]	[DBG]	Task IN		
[2022-12-23]	[17:23:09.431]	[DBG]	Task Start		
[2022-12-23]	[17:23:09.431]	[DBG]	Task IN		
[2022-12-23]	[17:23:09.433]	[DBG]	Task Start		
[2022-12-23]	[17:23:09.433]	[DBG]	Task IN		
[2022-12-23]	[17:23:09.435]	[DBG]	Task Start		
[2022-12-23]	[17:23:09.435]	[DBG]	Task IN		
[2022-12-23]	[17:23:09.437]	[DBG]	Task Start		
[2022-12-23]	[17:23:09.437]	[DBG]	Task IN		
[2022-12-23]	[17:23:09.439]	[DBG]	Task Start		
[2022-12-23]	[17:23:09.439]	[DBG]	Task IN		
[2022-12-23]	[17:23:09.441]	[DBG]	Task Start		
[2022-12-23]	[17:23:09.441]	[DBG]	Task IN		
[2022-12-23]	[17:23:09.443]	[DBG]	Task Start		
[2022-12-23]	[17:23:09.443]	[DBG]	Task IN		
[2022-12-23]	[17:23:09.445]	[DBG]	Task Start		
[2022-12-23]	[17:23:09.445]	[DBG]	Task IN		
[2022-12-23]	[17:23:09.447]	[DBG]	Task Start		
[2022-12-23]	[17:23:09.447]	[DBG]	Task IN		
[2022-12-23]	[17:23:09.449]	[DBG]	Task Start		
[2022-12-23]	[17:23:09.449]	[DBG]	Task IN		
[2022-12-23]	[17:23:09.452]	[DBG]	Task Start		
[2022-12-23]	[17:23:09.452]	[DBG]	Task IN		
[2022-12-23]	[17:23:09.454]	[DBG]	Task Start		
[2022-12-23]	[17:23:09.454]	[DBG]	Task IN		
[2022-12-23]	[17:23:09.456]	[DBG]	Task Start		
[2022-12-23]	[17:23:09.456]	[DBG]	Task IN		
[2022-12-23]	[17:23:09.458]	[DBG]	Task Start		
[2022-12-23]	[17:23:09.458]	[DBG]	Task IN		
[2022-12-23]	[17:23:09.460]	[DBG]	Task Start		
[2022-12-23]	[17:23:09.460]	[DBG]	Task IN		
[2022-12-23]	[17:23:09.462]	[DBG]	Task Start		
[2022-12-23]	[17:23:09.462]	[DBG]	Task IN		
[2022-12-23]	[17:23:09.464]	[DBG]	Task Start		
[2022-12-23]	[17:23:09.464]	[DBG]	Task IN		
[2022-12-23]	[17:23:09.466]	[DBG]	Task Start		
[2022-12-23]	[17:23:09.466]	[DBG]	Task IN		
[2022-12-23]	[17:23:09.468]	[DBG]	Task Start		
[2022-12-23]	[17:23:09.468]	[DBG]	Task IN		
[2022-12-23]	[17:23:09.470]	[DBG]	Task Start		
[2022-12-23]	[17:23:09.470]	[DBG]	Task IN		
[2022-12-23]	[17:23:09.472]	[DBG]	Task Start		
[2022-12-23]	[17:23:09.472]	[DBG]	Task IN		
[2022-12-23]	[17:23:09.474]	[DBG]	Task Start		
[2022-12-23]	[17:23:09.474]	[DBG]	Task IN		
[2022-12-23]	[17:23:09.475]	[DBG]	Task Start		
[2022-12-23]	[17:23:09.476]	[DBG]	Task IN		
[2022-12-23]	[17:23:09.478]	[DBG]	Task Start		
[2022-12-23]	[17:23:09.478]	[DBG]	Task IN		
[2022-12-23]	[17:23:09.480]	[DBG]	Task Start		
[2022-12-23]	[17:23:09.480]	[DBG]	Task IN		
[2022-12-23]	[17:23:09.482]	[DBG]	Task Start		
[2022-12-23]	[17:23:09.482]	[DBG]	Task IN		
[2022-12-23]	[17:23:09.484]	[DBG]	Task Start		
[2022-12-23]	[17:23:09.484]	[DBG]	Task IN		
[2022-12-23]	[17:23:09.486]	[DBG]	Task Start		
[2022-12-23]	[17:23:09.486]	[DBG]	Task IN		
[2022-12-23]	[17:23:09.488]	[DBG]	Task Start		
[2022-12-23]	[17:23:09.488]	[DBG]	Task IN		
[2022-12-23]	[17:23:09.490]	[DBG]	Task Start		
[2022-12-23]	[17:23:09.490]	[DBG]	Task IN		
[2022-12-23]	[17:23:09.492]	[DBG]	Task Start		
[2022-12-23]	[17:23:09.492]	[DBG]	Task IN		
[2022-12-23]	[17:23:09.494]	[DBG]	Task Start		
[2022-12-23]	[17:23:09.494]	[DBG]	Task IN		
[2022-12-23]	[17:23:09.496]	[DBG]	Task Start		
[2022-12-23]	[17:23:09.496]	[DBG]	Task IN		
[2022-12-23]	[17:23:09.498]	[DBG]	Task Start		
[2022-12-23]	[17:23:09.498]	[DBG]	Task IN		
[2022-12-23]	[17:23:09.501]	[DBG]	Task Start		
[2022-12-23]	[17:23:09.501]	[DBG]	Task IN		
[2022-12-23]	[17:23:09.503]	[DBG]	Task Start		
[2022-12-23]	[17:23:09.503]	[DBG]	Task IN		
[2022-12-23]	[17:23:09.505]	[DBG]	Task Start		
[2022-12-23]	[17:23:09.505]	[DBG]	Task IN		
[2022-12-23]	[17:23:09.507]	[DBG]	Task Start		
[2022-12-23]	[17:23:09.507]	[DBG]	Task IN		
[2022-12-23]	[17:23:09.510]	[DBG]	Task Start		
[2022-12-23]	[17:23:09.510]	[DBG]	Task IN		
[2022-12-23]	[17:23:09.512]	[DBG]	Task Start		
[2022-12-23]	[17:23:09.512]	[DBG]	Task IN		
[2022-12-23]	[17:23:09.514]	[DBG]	Task Start		
[2022-12-23]	[17:23:09.514]	[DBG]	Task IN		
[2022-12-23]	[17:23:09.516]	[DBG]	Task Start		
[2022-12-23]	[17:23:09.516]	[DBG]	Task IN		
[2022-12-23]	[17:23:09.518]	[DBG]	Task Start		
[2022-12-23]	[17:23:09.518]	[DBG]	Task IN		
[2022-12-23]	[17:23:09.520]	[DBG]	Task Start		
[2022-12-23]	[17:23:09.520]	[DBG]	Task IN		
[2022-12-23]	[17:23:09.522]	[DBG]	Task Start		
[2022-12-23]	[17:23:09.522]	[DBG]	Task IN		
[2022-12-23]	[17:23:09.524]	[DBG]	Task Start		
[2022-12-23]	[17:23:09.524]	[DBG]	Task IN		
[2022-12-23]	[17:23:09.526]	[DBG]	Task Start		
[2022-12-23]	[17:23:09.526]	[DBG]	Task IN		
[2022-12-23]	[17:23:09.528]	[DBG]	Task Start		
[2022-12-23]	[17:23:09.528]	[DBG]	Task IN		
[2022-12-23]	[17:23:09.530]	[DBG]	Task Start		
[2022-12-23]	[17:23:09.530]	[DBG]	Task IN		
[2022-12-23]	[17:23:09.532]	[DBG]	Task Start		
[2022-12-23]	[17:23:09.532]	[DBG]	Task IN		
[2022-12-23]	[17:23:09.534]	[DBG]	Task Start		
[2022-12-23]	[17:23:09.534]	[DBG]	Task IN		
[2022-12-23]	[17:23:09.536]	[DBG]	Task Start		
[2022-12-23]	[17:23:09.536]	[DBG]	Task IN		
[2022-12-23]	[17:23:09.538]	[DBG]	Task Start		
[2022-12-23]	[17:23:09.538]	[DBG]	Task IN		
[2022-12-23]	[17:23:09.540]	[DBG]	Task Start		
[2022-12-23]	[17:23:09.540]	[DBG]	Task IN		
[2022-12-23]	[17:23:09.542]	[DBG]	Task Start		
[2022-12-23]	[17:23:09.542]	[DBG]	Task IN		
[2022-12-23]	[17:23:09.544]	[DBG]	Task Start		
[2022-12-23]	[17:23:09.544]	[DBG]	Task IN		
[2022-12-23]	[17:23:09.546]	[DBG]	Task Start		
[2022-12-23]	[17:23:09.546]	[DBG]	Task IN		
[2022-12-23]	[17:23:09.548]	[DBG]	Task Start		
[2022-12-23]	[17:23:09.548]	[DBG]	Task IN		
[2022-12-23]	[17:23:09.550]	[DBG]	Task Start		
[2022-12-23]	[17:23:09.550]	[DBG]	Task IN		
[2022-12-23]	[17:23:09.552]	[DBG]	Task Start		
[2022-12-23]	[17:23:09.552]	[DBG]	Task IN		
[2022-12-23]	[17:23:09.554]	[DBG]	Task Start		
[2022-12-23]	[17:23:09.554]	[DBG]	Task IN		
[2022-12-23]	[17:23:09.556]	[DBG]	Task Start		
[2022-12-23]	[17:23:09.556]	[DBG]	Task IN		
[2022-12-23]	[17:23:09.558]	[DBG]	Task Start		
[2022-12-23]	[17:23:09.558]	[DBG]	Task IN		
[2022-12-23]	[17:23:09.560]	[DBG]	Task Start		
[2022-12-23]	[17:23:09.560]	[DBG]	Task IN		
[2022-12-23]	[17:23:09.562]	[DBG]	Task Start		
[2022-12-23]	[17:23:09.562]	[DBG]	Task IN		
[2022-12-23]	[17:23:09.564]	[DBG]	Task Start		
[2022-12-23]	[17:23:09.564]	[DBG]	Task IN		
[2022-12-23]	[17:23:09.566]	[DBG]	Task Start		
[2022-12-23]	[17:23:09.566]	[DBG]	Task IN		
[2022-12-23]	[17:23:09.568]	[DBG]	Task Start		
[2022-12-23]	[17:23:09.568]	[DBG]	Task IN		
[2022-12-23]	[17:23:09.570]	[DBG]	Task Start		
[2022-12-23]	[17:23:09.570]	[DBG]	Task IN		
[2022-12-23]	[17:23:09.572]	[DBG]	Task Start		
[2022-12-23]	[17:23:09.572]	[DBG]	Task IN		
[2022-12-23]	[17:23:09.574]	[DBG]	Task Start		
[2022-12-23]	[17:23:09.574]	[DBG]	Task IN		
[2022-12-23]	[17:23:09.576]	[DBG]	Task Start		
[2022-12-23]	[17:23:09.576]	[DBG]	Task IN		
[2022-12-23]	[17:23:09.578]	[DBG]	Task Start		
[2022-12-23]	[17:23:09.579]	[DBG]	Task IN		
[2022-12-23]	[17:23:09.581]	[DBG]	Task Start		
[2022-12-23]	[17:23:09.581]	[DBG]	Task IN		
[2022-12-23]	[17:23:09.583]	[DBG]	Task Start		
[2022-12-23]	[17:23:09.583]	[DBG]	Task IN		
[2022-12-23]	[17:23:09.585]	[DBG]	Task Start		
[2022-12-23]	[17:23:09.585]	[DBG]	Task IN		
[2022-12-23]	[17:23:09.587]	[DBG]	Task Start		
[2022-12-23]	[17:23:09.587]	[DBG]	Task IN		
[2022-12-23]	[17:23:09.589]	[DBG]	Task Start		
[2022-12-23]	[17:23:09.589]	[DBG]	Task IN		
[2022-12-23]	[17:23:09.591]	[DBG]	Task Start		
[2022-12-23]	[17:23:09.591]	[DBG]	Task IN		
[2022-12-23]	[17:23:09.593]	[DBG]	Task Start		
[2022-12-23]	[17:23:09.593]	[DBG]	Task IN		
[2022-12-23]	[17:23:09.595]	[DBG]	Task Start		
[2022-12-23]	[17:23:09.595]	[DBG]	Task IN		
[2022-12-23]	[17:23:09.597]	[DBG]	Task Start		
[2022-12-23]	[17:23:09.597]	[DBG]	Task IN		
[2022-12-23]	[17:23:09.599]	[DBG]	Task Start		
[2022-12-23]	[17:23:09.599]	[DBG]	Task IN		
[2022-12-23]	[17:23:09.601]	[DBG]	Task Start		
[2022-12-23]	[17:23:09.601]	[DBG]	Task IN		
[2022-12-23]	[17:23:09.603]	[DBG]	Task Start		
[2022-12-23]	[17:23:09.603]	[DBG]	Task IN		
[2022-12-23]	[17:23:09.605]	[DBG]	Task Start		
[2022-12-23]	[17:23:09.606]	[DBG]	Task IN		
[2022-12-23]	[17:23:09.608]	[DBG]	Task Start		
[2022-12-23]	[17:23:09.608]	[DBG]	Task IN		
[2022-12-23]	[17:23:09.610]	[DBG]	Task Start		
[2022-12-23]	[17:23:09.610]	[DBG]	Task IN		
[2022-12-23]	[17:23:09.612]	[DBG]	Task Start		
[2022-12-23]	[17:23:09.612]	[DBG]	Task IN		
[2022-12-23]	[17:23:09.614]	[DBG]	Task Start		
[2022-12-23]	[17:23:09.614]	[DBG]	Task IN		
[2022-12-23]	[17:23:09.616]	[DBG]	Task Start		
[2022-12-23]	[17:23:09.616]	[DBG]	Task IN		
[2022-12-23]	[17:23:09.618]	[DBG]	Task Start		
[2022-12-23]	[17:23:09.618]	[DBG]	Task IN		
[2022-12-23]	[17:23:09.620]	[DBG]	Task Start		
[2022-12-23]	[17:23:09.620]	[DBG]	Task IN		
[2022-12-23]	[17:23:09.622]	[DBG]	Task Start		
[2022-12-23]	[17:23:09.622]	[DBG]	Task IN		
[2022-12-23]	[17:23:09.624]	[DBG]	Task Start		
[2022-12-23]	[17:23:09.624]	[DBG]	Task IN		
[2022-12-23]	[17:23:09.626]	[DBG]	Task Start		
[2022-12-23]	[17:23:09.626]	[DBG]	Task IN		
[2022-12-23]	[17:23:09.628]	[DBG]	Task Start		
[2022-12-23]	[17:23:09.628]	[DBG]	Task IN		
[2022-12-23]	[17:23:09.630]	[DBG]	Task Start		
[2022-12-23]	[17:23:09.630]	[DBG]	Task IN		
[2022-12-23]	[17:23:09.632]	[DBG]	Task Start		
[2022-12-23]	[17:23:09.632]	[DBG]	Task IN		
[2022-12-23]	[17:23:09.634]	[DBG]	Task Start		
[2022-12-23]	[17:23:09.634]	[DBG]	Task IN		
[2022-12-23]	[17:23:09.636]	[DBG]	Task Start		
[2022-12-23]	[17:23:09.636]	[DBG]	Task IN		
[2022-12-23]	[17:23:09.638]	[DBG]	Task Start		
[2022-12-23]	[17:23:09.638]	[DBG]	Task IN		
[2022-12-23]	[17:23:09.640]	[DBG]	Task Start		
[2022-12-23]	[17:23:09.640]	[DBG]	Task IN		
[2022-12-23]	[17:23:09.642]	[DBG]	Task Start		
[2022-12-23]	[17:23:09.642]	[DBG]	Task IN		
[2022-12-23]	[17:23:09.644]	[DBG]	Task Start		
[2022-12-23]	[17:23:09.644]	[DBG]	Task IN		
[2022-12-23]	[17:23:09.646]	[DBG]	Task Start		
[2022-12-23]	[17:23:09.646]	[DBG]	Task IN		
[2022-12-23]	[17:23:09.648]	[DBG]	Task Start		
[2022-12-23]	[17:23:09.648]	[DBG]	Task IN		
[2022-12-23]	[17:23:09.650]	[DBG]	Task Start		
[2022-12-23]	[17:23:09.650]	[DBG]	Task IN		
[2022-12-23]	[17:23:09.652]	[DBG]	Task Start		
[2022-12-23]	[17:23:09.652]	[DBG]	Task IN		
[2022-12-23]	[17:23:09.654]	[DBG]	Task Start		
[2022-12-23]	[17:23:09.654]	[DBG]	Task IN		
[2022-12-23]	[17:23:09.656]	[DBG]	Task Start		
[2022-12-23]	[17:23:09.656]	[DBG]	Task IN		
[2022-12-23]	[17:23:09.658]	[DBG]	Task Start		
[2022-12-23]	[17:23:09.658]	[DBG]	Task IN		
[2022-12-23]	[17:23:09.660]	[DBG]	Task Start		
[2022-12-23]	[17:23:09.660]	[DBG]	Task IN		
[2022-12-23]	[17:23:09.662]	[DBG]	Task Start		
[2022-12-23]	[17:23:09.662]	[DBG]	Task IN		
[2022-12-23]	[17:23:09.664]	[DBG]	Task Start		
[2022-12-23]	[17:23:09.664]	[DBG]	Task IN		
[2022-12-23]	[17:23:09.666]	[DBG]	Task Start		
[2022-12-23]	[17:23:09.666]	[DBG]	Task IN		
[2022-12-23]	[17:23:09.668]	[DBG]	Task Start		
[2022-12-23]	[17:23:09.668]	[DBG]	Task IN		
[2022-12-23]	[17:23:09.670]	[DBG]	Task Start		
[2022-12-23]	[17:23:09.670]	[DBG]	Task IN		
[2022-12-23]	[17:23:09.672]	[DBG]	Task Start		
[2022-12-23]	[17:23:09.672]	[DBG]	Task IN		
[2022-12-23]	[17:23:09.674]	[DBG]	Task Start		
[2022-12-23]	[17:23:09.674]	[DBG]	Task IN		
[2022-12-23]	[17:23:09.676]	[DBG]	Task Start		
[2022-12-23]	[17:23:09.676]	[DBG]	Task IN		
[2022-12-23]	[17:23:09.678]	[DBG]	Task Start		
[2022-12-23]	[17:23:09.678]	[DBG]	Task IN		
[2022-12-23]	[17:23:09.680]	[DBG]	Task Start		
[2022-12-23]	[17:23:09.680]	[DBG]	Task IN		
[2022-12-23]	[17:23:09.682]	[DBG]	Task Start		
[2022-12-23]	[17:23:09.682]	[DBG]	Task IN		
[2022-12-23]	[17:23:09.684]	[DBG]	Task Start		
[2022-12-23]	[17:23:09.684]	[DBG]	Task IN		
[2022-12-23]	[17:23:09.686]	[DBG]	Task Start		
[2022-12-23]	[17:23:09.686]	[DBG]	Task IN		
[2022-12-23]	[17:23:09.688]	[DBG]	Task Start		
[2022-12-23]	[17:23:09.688]	[DBG]	Task IN		
[2022-12-23]	[17:23:09.690]	[DBG]	Task Start		
[2022-12-23]	[17:23:09.690]	[DBG]	Task IN		
[2022-12-23]	[17:23:09.692]	[DBG]	Task Start		
[2022-12-23]	[17:23:09.692]	[DBG]	Task IN		
[2022-12-23]	[17:23:09.694]	[DBG]	Task Start		
[2022-12-23]	[17:23:09.694]	[DBG]	Task IN		
[2022-12-23]	[17:23:09.696]	[DBG]	Task Start		
[2022-12-23]	[17:23:09.696]	[DBG]	Task IN		
[2022-12-23]	[17:23:09.698]	[DBG]	Task Start		
[2022-12-23]	[17:23:09.698]	[DBG]	Task IN		
[2022-12-23]	[17:23:09.700]	[DBG]	Task Start		
[2022-12-23]	[17:23:09.700]	[DBG]	Task IN		
[2022-12-23]	[17:23:09.702]	[DBG]	Task Start		
[2022-12-23]	[17:23:09.702]	[DBG]	Task IN		
[2022-12-23]	[17:23:09.704]	[DBG]	Task Start		
[2022-12-23]	[17:23:09.704]	[DBG]	Task IN		
[2022-12-23]	[17:23:09.706]	[DBG]	Task Start		
[2022-12-23]	[17:23:09.706]	[DBG]	Task IN		
[2022-12-23]	[17:23:09.708]	[DBG]	Task Start		
[2022-12-23]	[17:23:09.708]	[DBG]	Task IN		
[2022-12-23]	[17:23:09.710]	[DBG]	Task Start		
[2022-12-23]	[17:23:09.710]	[DBG]	Task IN		
[2022-12-23]	[17:23:09.712]	[DBG]	Task Start		
[2022-12-23]	[17:23:09.712]	[DBG]	Task IN		
[2022-12-23]	[17:23:09.714]	[DBG]	Task Start		
[2022-12-23]	[17:23:09.714]	[DBG]	Task IN		
[2022-12-23]	[17:23:09.716]	[DBG]	Task Start		
[2022-12-23]	[17:23:09.716]	[DBG]	Task IN		
[2022-12-23]	[17:23:09.718]	[DBG]	Task Start		
[2022-12-23]	[17:23:09.718]	[DBG]	Task IN		
[2022-12-23]	[17:23:09.720]	[DBG]	Task Start		
[2022-12-23]	[17:23:09.720]	[DBG]	Task IN		
[2022-12-23]	[17:23:09.722]	[DBG]	Task Start		
[2022-12-23]	[17:23:09.722]	[DBG]	Task IN		
[2022-12-23]	[17:23:09.724]	[DBG]	Task Start		
[2022-12-23]	[17:23:09.724]	[DBG]	Task IN		
[2022-12-23]	[17:23:09.726]	[DBG]	Task Start		
[2022-12-23]	[17:23:09.726]	[DBG]	Task IN		
[2022-12-23]	[17:23:09.728]	[DBG]	Task Start		
[2022-12-23]	[17:23:09.728]	[DBG]	Task IN		
[2022-12-23]	[17:23:09.730]	[DBG]	Task Start		
[2022-12-23]	[17:23:09.730]	[DBG]	Task IN		
[2022-12-23]	[17:23:09.732]	[DBG]	Task Start		
[2022-12-23]	[17:23:09.732]	[DBG]	Task IN		
[2022-12-23]	[17:23:09.734]	[DBG]	Task Start		
[2022-12-23]	[17:23:09.734]	[DBG]	Task IN		
[2022-12-23]	[17:23:09.736]	[DBG]	Task Start		
[2022-12-23]	[17:23:09.736]	[DBG]	Task IN		
[2022-12-23]	[17:23:09.738]	[DBG]	Task Start		
[2022-12-23]	[17:23:09.738]	[DBG]	Task IN		
[2022-12-23]	[17:23:09.740]	[DBG]	Task Start		
[2022-12-23]	[17:23:09.740]	[DBG]	Task IN		
[2022-12-23]	[17:23:09.742]	[DBG]	Task Start		
[2022-12-23]	[17:23:09.742]	[DBG]	Task IN		
[2022-12-23]	[17:23:09.744]	[DBG]	Task Start		
[2022-12-23]	[17:23:09.744]	[DBG]	Task IN		
[2022-12-23]	[17:23:09.746]	[DBG]	Task Start		
[2022-12-23]	[17:23:09.746]	[DBG]	Task IN		
[2022-12-23]	[17:23:09.748]	[DBG]	Task Start		
[2022-12-23]	[17:23:09.748]	[DBG]	Task IN		
[2022-12-23]	[17:23:09.750]	[DBG]	Task Start		
[2022-12-23]	[17:23:09.750]	[DBG]	Task IN		
[2022-12-23]	[17:23:09.752]	[DBG]	Task Start		
[2022-12-23]	[17:23:09.752]	[DBG]	Task IN		
[2022-12-23]	[17:23:09.754]	[DBG]	Task Start		
[2022-12-23]	[17:23:09.754]	[DBG]	Task IN		
[2022-12-23]	[17:23:09.756]	[DBG]	Task Start		
[2022-12-23]	[17:23:09.756]	[DBG]	Task IN		
[2022-12-23]	[17:23:09.758]	[DBG]	Task Start		
[2022-12-23]	[17:23:09.758]	[DBG]	Task IN		
[2022-12-23]	[17:23:09.760]	[DBG]	Task Start		
[2022-12-23]	[17:23:09.760]	[DBG]	Task IN		
[2022-12-23]	[17:23:09.762]	[DBG]	Task Start		
[2022-12-23]	[17:23:09.762]	[DBG]	Task IN		
[2022-12-23]	[17:23:09.764]	[DBG]	Task Start		
[2022-12-23]	[17:23:09.764]	[DBG]	Task IN		
[2022-12-23]	[17:23:09.766]	[DBG]	Task Start		
[2022-12-23]	[17:23:09.766]	[DBG]	Task IN		
[2022-12-23]	[17:23:09.768]	[DBG]	Task Start		
[2022-12-23]	[17:23:09.768]	[DBG]	Task IN		
[2022-12-23]	[17:23:09.770]	[DBG]	Task Start		
[2022-12-23]	[17:23:09.770]	[DBG]	Task IN		
[2022-12-23]	[17:23:09.772]	[DBG]	Task Start		
[2022-12-23]	[17:23:09.772]	[DBG]	Task IN		
[2022-12-23]	[17:23:09.774]	[DBG]	Task Start		
[2022-12-23]	[17:23:09.774]	[DBG]	Task IN		
[2022-12-23]	[17:23:09.775]	[DBG]	Task Start		
[2022-12-23]	[17:23:09.775]	[DBG]	Task IN		
[2022-12-23]	[17:23:09.777]	[DBG]	Task Start		
[2022-12-23]	[17:23:09.777]	[DBG]	Task IN		
[2022-12-23]	[17:23:09.779]	[DBG]	Task Start		
[2022-12-23]	[17:23:09.779]	[DBG]	Task IN		
[2022-12-23]	[17:23:09.781]	[DBG]	Task Start		
[2022-12-23]	[17:23:09.781]	[DBG]	Task IN		
[2022-12-23]	[17:23:09.783]	[DBG]	Task Start		
[2022-12-23]	[17:23:09.783]	[DBG]	Task IN		
[2022-12-23]	[17:23:09.785]	[DBG]	Task Start		
[2022-12-23]	[17:23:09.785]	[DBG]	Task IN		
[2022-12-23]	[17:23:09.787]	[DBG]	Task Start		
[2022-12-23]	[17:23:09.787]	[DBG]	Task IN		
[2022-12-23]	[17:23:09.789]	[DBG]	Task Start		
[2022-12-23]	[17:23:09.789]	[DBG]	Task IN		
[2022-12-23]	[17:23:09.791]	[DBG]	Task Start		
[2022-12-23]	[17:23:09.791]	[DBG]	Task IN		
[2022-12-23]	[17:23:09.793]	[DBG]	Task Start		
[2022-12-23]	[17:23:09.793]	[DBG]	Task IN		
[2022-12-23]	[17:23:09.795]	[DBG]	Task Start		
[2022-12-23]	[17:23:09.795]	[DBG]	Task IN		
[2022-12-23]	[17:23:09.797]	[DBG]	Task Start		
[2022-12-23]	[17:23:09.797]	[DBG]	Task IN		
[2022-12-23]	[17:23:09.799]	[DBG]	Task Start		
[2022-12-23]	[17:23:09.799]	[DBG]	Task IN		
[2022-12-23]	[17:23:09.801]	[DBG]	Task Start		
[2022-12-23]	[17:23:09.801]	[DBG]	Task IN		
[2022-12-23]	[17:23:09.803]	[DBG]	Task Start		
[2022-12-23]	[17:23:09.803]	[DBG]	Task IN		
[2022-12-23]	[17:23:09.805]	[DBG]	Task Start		
[2022-12-23]	[17:23:09.805]	[DBG]	Task IN		
[2022-12-23]	[17:23:09.807]	[DBG]	Task Start		
[2022-12-23]	[17:23:09.807]	[DBG]	Task IN		
[2022-12-23]	[17:23:09.809]	[DBG]	Task Start		
[2022-12-23]	[17:23:09.809]	[DBG]	Task IN		
[2022-12-23]	[17:23:09.811]	[DBG]	Task Start		
[2022-12-23]	[17:23:09.811]	[DBG]	Task IN		
[2022-12-23]	[17:23:09.813]	[DBG]	Task Start		
[2022-12-23]	[17:23:09.813]	[DBG]	Task IN		
[2022-12-23]	[17:23:09.815]	[DBG]	Task Start		
[2022-12-23]	[17:23:09.815]	[DBG]	Task IN		
[2022-12-23]	[17:23:09.817]	[DBG]	Task Start		
[2022-12-23]	[17:23:09.817]	[DBG]	Task IN		
[2022-12-23]	[17:23:09.819]	[DBG]	Task Start		
[2022-12-23]	[17:23:09.819]	[DBG]	Task IN		
[2022-12-23]	[17:23:09.821]	[DBG]	Task Start		
[2022-12-23]	[17:23:09.821]	[DBG]	Task IN		
[2022-12-23]	[17:23:09.823]	[DBG]	Task Start		
[2022-12-23]	[17:23:09.823]	[DBG]	Task IN		
[2022-12-23]	[17:23:09.825]	[DBG]	Task Start		
[2022-12-23]	[17:23:09.825]	[DBG]	Task IN		
[2022-12-23]	[17:23:09.827]	[DBG]	Task Start		
[2022-12-23]	[17:23:09.827]	[DBG]	Task IN		
[2022-12-23]	[17:23:09.829]	[DBG]	Task Start		
[2022-12-23]	[17:23:09.829]	[DBG]	Task IN		
[2022-12-23]	[17:23:09.831]	[DBG]	Task Start		
[2022-12-23]	[17:23:09.831]	[DBG]	Task IN		
[2022-12-23]	[17:23:09.833]	[DBG]	Task Start		
[2022-12-23]	[17:23:09.833]	[DBG]	Task IN		
[2022-12-23]	[17:23:09.835]	[DBG]	Task Start		
[2022-12-23]	[17:23:09.835]	[DBG]	Task IN		
[2022-12-23]	[17:23:09.837]	[DBG]	Task Start		
[2022-12-23]	[17:23:09.837]	[DBG]	Task IN		
[2022-12-23]	[17:23:09.839]	[DBG]	Task Start		
[2022-12-23]	[17:23:09.839]	[DBG]	Task IN		
[2022-12-23]	[17:23:09.841]	[DBG]	Task Start		
[2022-12-23]	[17:23:09.841]	[DBG]	Task IN		
[2022-12-23]	[17:23:09.843]	[DBG]	Task Start		
[2022-12-23]	[17:23:09.843]	[DBG]	Task IN		
[2022-12-23]	[17:23:09.845]	[DBG]	Task Start		
[2022-12-23]	[17:23:09.845]	[DBG]	Task IN		
[2022-12-23]	[17:23:09.847]	[DBG]	Task Start		
[2022-12-23]	[17:23:09.847]	[DBG]	Task IN		
[2022-12-23]	[17:23:09.849]	[DBG]	Task Start		
[2022-12-23]	[17:23:09.849]	[DBG]	Task IN		
[2022-12-23]	[17:23:09.851]	[DBG]	Task Start		
[2022-12-23]	[17:23:09.851]	[DBG]	Task IN		
[2022-12-23]	[17:23:09.853]	[DBG]	Task Start		
[2022-12-23]	[17:23:09.853]	[DBG]	Task IN		
[2022-12-23]	[17:23:09.855]	[DBG]	Task Start		
[2022-12-23]	[17:23:09.855]	[DBG]	Task IN		
[2022-12-23]	[17:23:09.857]	[DBG]	Task Start		
[2022-12-23]	[17:23:09.857]	[DBG]	Task IN		
[2022-12-23]	[17:23:09.859]	[DBG]	Task Start		
[2022-12-23]	[17:23:09.859]	[DBG]	Task IN		
[2022-12-23]	[17:23:09.861]	[DBG]	Task Start		
[2022-12-23]	[17:23:09.861]	[DBG]	Task IN		
[2022-12-23]	[17:23:09.863]	[DBG]	Task Start		
[2022-12-23]	[17:23:09.863]	[DBG]	Task IN		
[2022-12-23]	[17:23:09.865]	[DBG]	Task Start		
[2022-12-23]	[17:23:09.865]	[DBG]	Task IN		
[2022-12-23]	[17:23:09.867]	[DBG]	Task Start		
[2022-12-23]	[17:23:09.867]	[DBG]	Task IN		
[2022-12-23]	[17:23:09.869]	[DBG]	Task Start		
[2022-12-23]	[17:23:09.869]	[DBG]	Task IN		
[2022-12-23]	[17:23:09.871]	[DBG]	Task Start		
[2022-12-23]	[17:23:09.871]	[DBG]	Task IN		
[2022-12-23]	[17:23:09.873]	[DBG]	Task Start		
[2022-12-23]	[17:23:09.873]	[DBG]	Task IN		
[2022-12-23]	[17:23:09.875]	[DBG]	Task Start		
[2022-12-23]	[17:23:09.875]	[DBG]	Task IN		
[2022-12-23]	[17:23:09.880]	[DBG]	Task Start		
[2022-12-23]	[17:23:09.880]	[DBG]	Task IN		
[2022-12-23]	[17:23:09.882]	[DBG]	Task Start		
[2022-12-23]	[17:23:09.882]	[DBG]	Task IN		
[2022-12-23]	[17:23:09.884]	[DBG]	Task Start		
[2022-12-23]	[17:23:09.885]	[DBG]	Task IN		
[2022-12-23]	[17:23:09.887]	[DBG]	Task Start		
[2022-12-23]	[17:23:09.887]	[DBG]	Task IN		
[2022-12-23]	[17:23:09.890]	[DBG]	Task Start		
[2022-12-23]	[17:23:09.891]	[DBG]	Task IN		
[2022-12-23]	[17:23:09.892]	[DBG]	Task Start		
[2022-12-23]	[17:23:09.892]	[DBG]	Task IN		
[2022-12-23]	[17:23:09.894]	[DBG]	Task Start		
[2022-12-23]	[17:23:09.894]	[DBG]	Task IN		
[2022-12-23]	[17:23:09.896]	[DBG]	Task Start		
[2022-12-23]	[17:23:09.896]	[DBG]	Task IN		
[2022-12-23]	[17:23:09.898]	[DBG]	Task Start		
[2022-12-23]	[17:23:09.898]	[DBG]	Task IN		
[2022-12-23]	[17:23:09.900]	[DBG]	Task Start		
[2022-12-23]	[17:23:09.900]	[DBG]	Task IN		
[2022-12-23]	[17:23:09.902]	[DBG]	Task Start		
[2022-12-23]	[17:23:09.902]	[DBG]	Task IN		
[2022-12-23]	[17:23:09.904]	[DBG]	Task Start		
[2022-12-23]	[17:23:09.904]	[DBG]	Task IN		
[2022-12-23]	[17:23:09.906]	[DBG]	Task Start		
[2022-12-23]	[17:23:09.906]	[DBG]	Task IN		
[2022-12-23]	[17:23:09.908]	[DBG]	Task Start		
[2022-12-23]	[17:23:09.908]	[DBG]	Task IN		
[2022-12-23]	[17:23:09.910]	[DBG]	Task Start		
[2022-12-23]	[17:23:09.910]	[DBG]	Task IN		
[2022-12-23]	[17:23:09.912]	[DBG]	Task Start		
[2022-12-23]	[17:23:09.912]	[DBG]	Task IN		
[2022-12-23]	[17:23:09.914]	[DBG]	Task Start		
[2022-12-23]	[17:23:09.914]	[DBG]	Task IN		
[2022-12-23]	[17:23:09.916]	[DBG]	Task Start		
[2022-12-23]	[17:23:09.916]	[DBG]	Task IN		
[2022-12-23]	[17:23:09.918]	[DBG]	Task Start		
[2022-12-23]	[17:23:09.918]	[DBG]	Task IN		
[2022-12-23]	[17:23:09.920]	[DBG]	Task Start		
[2022-12-23]	[17:23:09.920]	[DBG]	Task IN		
[2022-12-23]	[17:23:09.922]	[DBG]	Task Start		
[2022-12-23]	[17:23:09.922]	[DBG]	Task IN		
[2022-12-23]	[17:23:09.924]	[DBG]	Task Start		
[2022-12-23]	[17:23:09.924]	[DBG]	Task IN		
[2022-12-23]	[17:23:09.926]	[DBG]	Task Start		
[2022-12-23]	[17:23:09.926]	[DBG]	Task IN		
[2022-12-23]	[17:23:09.928]	[DBG]	Task Start		
[2022-12-23]	[17:23:09.928]	[DBG]	Task IN		
[2022-12-23]	[17:23:09.930]	[DBG]	Task Start		
[2022-12-23]	[17:23:09.930]	[DBG]	Task IN		
[2022-12-23]	[17:23:09.932]	[DBG]	Task Start		
[2022-12-23]	[17:23:09.932]	[DBG]	Task IN		
[2022-12-23]	[17:23:09.934]	[DBG]	Task Start		
[2022-12-23]	[17:23:09.934]	[DBG]	Task IN		
[2022-12-23]	[17:23:09.936]	[DBG]	Task Start		
[2022-12-23]	[17:23:09.936]	[DBG]	Task IN		
[2022-12-23]	[17:23:09.939]	[DBG]	Task Start		
[2022-12-23]	[17:23:09.939]	[DBG]	Task IN		
[2022-12-23]	[17:23:09.941]	[DBG]	Task Start		
[2022-12-23]	[17:23:09.941]	[DBG]	Task IN		
[2022-12-23]	[17:23:09.943]	[DBG]	Task Start		
[2022-12-23]	[17:23:09.943]	[DBG]	Task IN		
[2022-12-23]	[17:23:09.945]	[DBG]	Task Start		
[2022-12-23]	[17:23:09.945]	[DBG]	Task IN		
[2022-12-23]	[17:23:09.947]	[DBG]	Task Start		
[2022-12-23]	[17:23:09.947]	[DBG]	Task IN		
[2022-12-23]	[17:23:09.949]	[DBG]	Task Start		
[2022-12-23]	[17:23:09.949]	[DBG]	Task IN		
[2022-12-23]	[17:23:09.951]	[DBG]	Task Start		
[2022-12-23]	[17:23:09.952]	[DBG]	Task IN		
[2022-12-23]	[17:23:09.953]	[DBG]	Task Start		
[2022-12-23]	[17:23:09.953]	[DBG]	Task IN		
[2022-12-23]	[17:23:09.955]	[DBG]	Task Start		
[2022-12-23]	[17:23:09.955]	[DBG]	Task IN		
[2022-12-23]	[17:23:09.957]	[DBG]	Task Start		
[2022-12-23]	[17:23:09.957]	[DBG]	Task IN		
[2022-12-23]	[17:23:09.959]	[DBG]	Task Start		
[2022-12-23]	[17:23:09.959]	[DBG]	Task IN		
[2022-12-23]	[17:23:09.961]	[DBG]	Task Start		
[2022-12-23]	[17:23:09.961]	[DBG]	Task IN		
[2022-12-23]	[17:23:09.963]	[DBG]	Task Start		
[2022-12-23]	[17:23:09.963]	[DBG]	Task IN		
[2022-12-23]	[17:23:09.965]	[DBG]	Task Start		
[2022-12-23]	[17:23:09.965]	[DBG]	Task IN		
[2022-12-23]	[17:23:09.967]	[DBG]	Task Start		
[2022-12-23]	[17:23:09.967]	[DBG]	Task IN		
[2022-12-23]	[17:23:09.969]	[DBG]	Task Start		
[2022-12-23]	[17:23:09.969]	[DBG]	Task IN		
[2022-12-23]	[17:23:09.971]	[DBG]	Task Start		
[2022-12-23]	[17:23:09.971]	[DBG]	Task IN		
[2022-12-23]	[17:23:09.973]	[DBG]	Task Start		
[2022-12-23]	[17:23:09.973]	[DBG]	Task IN		
[2022-12-23]	[17:23:09.975]	[DBG]	Task Start		
[2022-12-23]	[17:23:09.975]	[DBG]	Task IN		
[2022-12-23]	[17:23:09.977]	[DBG]	Task Start		
[2022-12-23]	[17:23:09.977]	[DBG]	Task IN		
[2022-12-23]	[17:23:09.979]	[DBG]	Task Start		
[2022-12-23]	[17:23:09.979]	[DBG]	Task IN		
[2022-12-23]	[17:23:09.981]	[DBG]	Task Start		
[2022-12-23]	[17:23:09.981]	[DBG]	Task IN		
[2022-12-23]	[17:23:09.983]	[DBG]	Task Start		
[2022-12-23]	[17:23:09.983]	[DBG]	Task IN		
[2022-12-23]	[17:23:09.985]	[DBG]	Task Start		
[2022-12-23]	[17:23:09.985]	[DBG]	Task IN		
[2022-12-23]	[17:23:09.987]	[DBG]	Task Start		
[2022-12-23]	[17:23:09.987]	[DBG]	Task IN		
[2022-12-23]	[17:23:09.989]	[DBG]	Task Start		
[2022-12-23]	[17:23:09.989]	[DBG]	Task IN		
[2022-12-23]	[17:23:09.991]	[DBG]	Task Start		
[2022-12-23]	[17:23:09.991]	[DBG]	Task IN		
[2022-12-23]	[17:23:09.993]	[DBG]	Task Start		
[2022-12-23]	[17:23:09.993]	[DBG]	Task IN		
[2022-12-23]	[17:23:09.995]	[DBG]	Task Start		
[2022-12-23]	[17:23:09.995]	[DBG]	Task IN		
[2022-12-23]	[17:23:09.997]	[DBG]	Task Start		
[2022-12-23]	[17:23:09.997]	[DBG]	Task IN		
[2022-12-23]	[17:23:09.999]	[DBG]	Task Start		
[2022-12-23]	[17:23:09.999]	[DBG]	Task IN		
[2022-12-23]	[17:23:10.001]	[DBG]	Task Start		
[2022-12-23]	[17:23:10.001]	[DBG]	Task IN		
[2022-12-23]	[17:23:10.003]	[DBG]	Task Start		
[2022-12-23]	[17:23:10.003]	[DBG]	Task IN		
[2022-12-23]	[17:23:10.005]	[DBG]	Task Start		
[2022-12-23]	[17:23:10.005]	[DBG]	Task IN		
[2022-12-23]	[17:23:10.007]	[DBG]	Task Start		
[2022-12-23]	[17:23:10.007]	[DBG]	Task IN		
[2022-12-23]	[17:23:10.009]	[DBG]	Task Start		
[2022-12-23]	[17:23:10.009]	[DBG]	Task IN		
[2022-12-23]	[17:23:10.011]	[DBG]	Task Start		
[2022-12-23]	[17:23:10.011]	[DBG]	Task IN		
[2022-12-23]	[17:23:10.013]	[DBG]	Task Start		
[2022-12-23]	[17:23:10.013]	[DBG]	Task IN		
[2022-12-23]	[17:23:10.015]	[DBG]	Task Start		
[2022-12-23]	[17:23:10.015]	[DBG]	Task IN		
[2022-12-23]	[17:23:10.017]	[DBG]	Task Start		
[2022-12-23]	[17:23:10.017]	[DBG]	Task IN		
[2022-12-23]	[17:23:10.019]	[DBG]	Task Start		
[2022-12-23]	[17:23:10.019]	[DBG]	Task IN		
[2022-12-23]	[17:23:10.021]	[DBG]	Task Start		
[2022-12-23]	[17:23:10.021]	[DBG]	Task IN		
[2022-12-23]	[17:23:10.023]	[DBG]	Task Start		
[2022-12-23]	[17:23:10.023]	[DBG]	Task IN		
[2022-12-23]	[17:23:10.025]	[DBG]	Task Start		
[2022-12-23]	[17:23:10.025]	[DBG]	Task IN		
[2022-12-23]	[17:23:10.027]	[DBG]	Task Start		
[2022-12-23]	[17:23:10.027]	[DBG]	Task IN		
[2022-12-23]	[17:23:10.029]	[DBG]	Task Start		
[2022-12-23]	[17:23:10.029]	[DBG]	Task IN		
[2022-12-23]	[17:23:10.031]	[DBG]	Task Start		
[2022-12-23]	[17:23:10.031]	[DBG]	Task IN		
[2022-12-23]	[17:23:10.033]	[DBG]	Task Start		
[2022-12-23]	[17:23:10.033]	[DBG]	Task IN		
[2022-12-23]	[17:23:10.035]	[DBG]	Task Start		
[2022-12-23]	[17:23:10.035]	[DBG]	Task IN		
[2022-12-23]	[17:23:10.037]	[DBG]	Task Start		
[2022-12-23]	[17:23:10.037]	[DBG]	Task IN		
[2022-12-23]	[17:23:10.039]	[DBG]	Task Start		
[2022-12-23]	[17:23:10.039]	[DBG]	Task IN		
[2022-12-23]	[17:23:10.041]	[DBG]	Task Start		
[2022-12-23]	[17:23:10.041]	[DBG]	Task IN		
[2022-12-23]	[17:23:10.043]	[DBG]	Task Start		
[2022-12-23]	[17:23:10.043]	[DBG]	Task IN		
[2022-12-23]	[17:23:10.045]	[DBG]	Task Start		
[2022-12-23]	[17:23:10.045]	[DBG]	Task IN		
[2022-12-23]	[17:23:10.047]	[DBG]	Task Start		
[2022-12-23]	[17:23:10.047]	[DBG]	Task IN		
[2022-12-23]	[17:23:10.049]	[DBG]	Task Start		
[2022-12-23]	[17:23:10.049]	[DBG]	Task IN		
[2022-12-23]	[17:23:10.051]	[DBG]	Task Start		
[2022-12-23]	[17:23:10.051]	[DBG]	Task IN		
[2022-12-23]	[17:23:10.053]	[DBG]	Task Start		
[2022-12-23]	[17:23:10.053]	[DBG]	Task IN		
[2022-12-23]	[17:23:10.055]	[DBG]	Task Start		
[2022-12-23]	[17:23:10.055]	[DBG]	Task IN		
[2022-12-23]	[17:23:10.057]	[DBG]	Task Start		
[2022-12-23]	[17:23:10.057]	[DBG]	Task IN		
[2022-12-23]	[17:23:10.059]	[DBG]	Task Start		
[2022-12-23]	[17:23:10.059]	[DBG]	Task IN		
[2022-12-23]	[17:23:10.061]	[DBG]	Task Start		
[2022-12-23]	[17:23:10.061]	[DBG]	Task IN		
[2022-12-23]	[17:23:10.063]	[DBG]	Task Start		
[2022-12-23]	[17:23:10.063]	[DBG]	Task IN		
[2022-12-23]	[17:23:10.065]	[DBG]	Task Start		
[2022-12-23]	[17:23:10.065]	[DBG]	Task IN		
[2022-12-23]	[17:23:10.067]	[DBG]	Task Start		
[2022-12-23]	[17:23:10.067]	[DBG]	Task IN		
[2022-12-23]	[17:23:10.069]	[DBG]	Task Start		
[2022-12-23]	[17:23:10.069]	[DBG]	Task IN		
[2022-12-23]	[17:23:10.071]	[DBG]	Task Start		
[2022-12-23]	[17:23:10.071]	[DBG]	Task IN		
[2022-12-23]	[17:23:10.073]	[DBG]	Task Start		
[2022-12-23]	[17:23:10.073]	[DBG]	Task IN		
[2022-12-23]	[17:23:10.074]	[DBG]	Task Start		
[2022-12-23]	[17:23:10.074]	[DBG]	Task IN		
[2022-12-23]	[17:23:10.076]	[DBG]	Task Start		
[2022-12-23]	[17:23:10.076]	[DBG]	Task IN		
[2022-12-23]	[17:23:10.078]	[DBG]	Task Start		
[2022-12-23]	[17:23:10.078]	[DBG]	Task IN		
[2022-12-23]	[17:23:10.080]	[DBG]	Task Start		
[2022-12-23]	[17:23:10.080]	[DBG]	Task IN		
[2022-12-23]	[17:23:10.082]	[DBG]	Task Start		
[2022-12-23]	[17:23:10.082]	[DBG]	Task IN		
[2022-12-23]	[17:23:10.084]	[DBG]	Task Start		
[2022-12-23]	[17:23:10.084]	[DBG]	Task IN		
[2022-12-23]	[17:23:10.086]	[DBG]	Task Start		
[2022-12-23]	[17:23:10.086]	[DBG]	Task IN		
[2022-12-23]	[17:23:10.088]	[DBG]	Task Start		
[2022-12-23]	[17:23:10.088]	[DBG]	Task IN		
[2022-12-23]	[17:23:10.090]	[DBG]	Task Start		
[2022-12-23]	[17:23:10.090]	[DBG]	Task IN		
[2022-12-23]	[17:23:10.092]	[DBG]	Task Start		
[2022-12-23]	[17:23:10.092]	[DBG]	Task IN		
[2022-12-23]	[17:23:10.094]	[DBG]	Task Start		
[2022-12-23]	[17:23:10.094]	[DBG]	Task IN		
[2022-12-23]	[17:23:10.096]	[DBG]	Task Start		
[2022-12-23]	[17:23:10.096]	[DBG]	Task IN		
[2022-12-23]	[17:23:10.098]	[DBG]	Task Start		
[2022-12-23]	[17:23:10.098]	[DBG]	Task IN		
[2022-12-23]	[17:23:10.100]	[DBG]	Task Start		
[2022-12-23]	[17:23:10.100]	[DBG]	Task IN		
[2022-12-23]	[17:23:10.102]	[DBG]	Task Start		
[2022-12-23]	[17:23:10.102]	[DBG]	Task IN		
[2022-12-23]	[17:23:10.104]	[DBG]	Task Start		
[2022-12-23]	[17:23:10.104]	[DBG]	Task IN		
[2022-12-23]	[17:23:10.106]	[DBG]	Task Start		
[2022-12-23]	[17:23:10.106]	[DBG]	Task IN		
[2022-12-23]	[17:23:10.108]	[DBG]	Task Start		
[2022-12-23]	[17:23:10.108]	[DBG]	Task IN		
[2022-12-23]	[17:23:10.110]	[DBG]	Task Start		
[2022-12-23]	[17:23:10.110]	[DBG]	Task IN		
[2022-12-23]	[17:23:10.112]	[DBG]	Task Start		
[2022-12-23]	[17:23:10.112]	[DBG]	Task IN		
[2022-12-23]	[17:23:10.114]	[DBG]	Task Start		
[2022-12-23]	[17:23:10.114]	[DBG]	Task IN		
[2022-12-23]	[17:23:10.116]	[DBG]	Task Start		
[2022-12-23]	[17:23:10.116]	[DBG]	Task IN		
[2022-12-23]	[17:23:10.118]	[DBG]	Task Start		
[2022-12-23]	[17:23:10.118]	[DBG]	Task IN		
[2022-12-23]	[17:23:10.120]	[DBG]	Task Start		
[2022-12-23]	[17:23:10.120]	[DBG]	Task IN		
[2022-12-23]	[17:23:10.122]	[DBG]	Task Start		
[2022-12-23]	[17:23:10.122]	[DBG]	Task IN		
[2022-12-23]	[17:23:10.124]	[DBG]	Task Start		
[2022-12-23]	[17:23:10.124]	[DBG]	Task IN		
[2022-12-23]	[17:23:10.126]	[DBG]	Task Start		
[2022-12-23]	[17:23:10.126]	[DBG]	Task IN		
[2022-12-23]	[17:23:10.128]	[DBG]	Task Start		
[2022-12-23]	[17:23:10.128]	[DBG]	Task IN		
[2022-12-23]	[17:23:10.130]	[DBG]	Task Start		
[2022-12-23]	[17:23:10.130]	[DBG]	Task IN		
[2022-12-23]	[17:23:10.132]	[DBG]	Task Start		
[2022-12-23]	[17:23:10.132]	[DBG]	Task IN		
[2022-12-23]	[17:23:10.134]	[DBG]	Task Start		
[2022-12-23]	[17:23:10.134]	[DBG]	Task IN		
[2022-12-23]	[17:23:10.136]	[DBG]	Task Start		
[2022-12-23]	[17:23:10.136]	[DBG]	Task IN		
[2022-12-23]	[17:23:10.138]	[DBG]	Task Start		
[2022-12-23]	[17:23:10.138]	[DBG]	Task IN		
[2022-12-23]	[17:23:10.140]	[DBG]	Task Start		
[2022-12-23]	[17:23:10.140]	[DBG]	Task IN		
[2022-12-23]	[17:23:10.142]	[DBG]	Task Start		
[2022-12-23]	[17:23:10.142]	[DBG]	Task IN		
[2022-12-23]	[17:23:10.144]	[DBG]	Task Start		
[2022-12-23]	[17:23:10.144]	[DBG]	Task IN		
[2022-12-23]	[17:23:10.146]	[DBG]	Task Start		
[2022-12-23]	[17:23:10.146]	[DBG]	Task IN		
[2022-12-23]	[17:23:10.148]	[DBG]	Task Start		
[2022-12-23]	[17:23:10.148]	[DBG]	Task IN		
[2022-12-23]	[17:23:10.150]	[DBG]	Task Start		
[2022-12-23]	[17:23:10.150]	[DBG]	Task IN		
[2022-12-23]	[17:23:10.152]	[DBG]	Task Start		
[2022-12-23]	[17:23:10.152]	[DBG]	Task IN		
[2022-12-23]	[17:23:10.154]	[DBG]	Task Start		
[2022-12-23]	[17:23:10.154]	[DBG]	Task IN		
[2022-12-23]	[17:23:10.156]	[DBG]	Task Start		
[2022-12-23]	[17:23:10.156]	[DBG]	Task IN		
[2022-12-23]	[17:23:10.158]	[DBG]	Task Start		
[2022-12-23]	[17:23:10.158]	[DBG]	Task IN		
[2022-12-23]	[17:23:10.160]	[DBG]	Task Start		
[2022-12-23]	[17:23:10.160]	[DBG]	Task IN		
[2022-12-23]	[17:23:10.162]	[DBG]	Task Start		
[2022-12-23]	[17:23:10.162]	[DBG]	Task IN		
[2022-12-23]	[17:23:10.164]	[DBG]	Task Start		
[2022-12-23]	[17:23:10.164]	[DBG]	Task IN		
[2022-12-23]	[17:23:10.166]	[DBG]	Task Start		
[2022-12-23]	[17:23:10.166]	[DBG]	Task IN		
[2022-12-23]	[17:23:10.168]	[DBG]	Task Start		
[2022-12-23]	[17:23:10.168]	[DBG]	Task IN		
[2022-12-23]	[17:23:10.170]	[DBG]	Task Start		
[2022-12-23]	[17:23:10.170]	[DBG]	Task IN		
[2022-12-23]	[17:23:10.172]	[DBG]	Task Start		
[2022-12-23]	[17:23:10.172]	[DBG]	Task IN		
[2022-12-23]	[17:23:10.174]	[DBG]	Task Start		
[2022-12-23]	[17:23:10.174]	[DBG]	Task IN		
[2022-12-23]	[17:23:10.176]	[DBG]	Task Start		
[2022-12-23]	[17:23:10.176]	[DBG]	Task IN		
[2022-12-23]	[17:23:10.178]	[DBG]	Task Start		
[2022-12-23]	[17:23:10.178]	[DBG]	Task IN		
[2022-12-23]	[17:23:10.180]	[DBG]	Task Start		
[2022-12-23]	[17:23:10.180]	[DBG]	Task IN		
[2022-12-23]	[17:23:10.182]	[DBG]	Task Start		
[2022-12-23]	[17:23:10.182]	[DBG]	Task IN		
[2022-12-23]	[17:23:10.184]	[DBG]	Task Start		
[2022-12-23]	[17:23:10.184]	[DBG]	Task IN		
[2022-12-23]	[17:23:10.186]	[DBG]	Task Start		
[2022-12-23]	[17:23:10.186]	[DBG]	Task IN		
[2022-12-23]	[17:23:10.188]	[DBG]	Task Start		
[2022-12-23]	[17:23:10.188]	[DBG]	Task IN		
[2022-12-23]	[17:23:10.190]	[DBG]	Task Start		
[2022-12-23]	[17:23:10.190]	[DBG]	Task IN		
[2022-12-23]	[17:23:10.192]	[DBG]	Task Start		
[2022-12-23]	[17:23:10.192]	[DBG]	Task IN		
[2022-12-23]	[17:23:10.194]	[DBG]	Task Start		
[2022-12-23]	[17:23:10.194]	[DBG]	Task IN		
[2022-12-23]	[17:23:10.196]	[DBG]	Task Start		
[2022-12-23]	[17:23:10.196]	[DBG]	Task IN		
[2022-12-23]	[17:23:10.198]	[DBG]	Task Start		
[2022-12-23]	[17:23:10.198]	[DBG]	Task IN		
[2022-12-23]	[17:23:10.200]	[DBG]	Task Start		
[2022-12-23]	[17:23:10.200]	[DBG]	Task IN		
[2022-12-23]	[17:23:10.202]	[DBG]	Task Start		
[2022-12-23]	[17:23:10.202]	[DBG]	Task IN		
[2022-12-23]	[17:23:10.204]	[DBG]	Task Start		
[2022-12-23]	[17:23:10.204]	[DBG]	Task IN		
[2022-12-23]	[17:23:10.206]	[DBG]	Task Start		
[2022-12-23]	[17:23:10.206]	[DBG]	Task IN		
[2022-12-23]	[17:23:10.208]	[DBG]	Task Start		
[2022-12-23]	[17:23:10.208]	[DBG]	Task IN		
[2022-12-23]	[17:23:10.210]	[DBG]	Task Start		
[2022-12-23]	[17:23:10.210]	[DBG]	Task IN		
[2022-12-23]	[17:23:10.212]	[DBG]	Task Start		
[2022-12-23]	[17:23:10.212]	[DBG]	Task IN		
[2022-12-23]	[17:23:10.214]	[DBG]	Task Start		
[2022-12-23]	[17:23:10.214]	[DBG]	Task IN		
[2022-12-23]	[17:23:10.216]	[DBG]	Task Start		
[2022-12-23]	[17:23:10.216]	[DBG]	Task IN		
[2022-12-23]	[17:23:10.218]	[DBG]	Task Start		
[2022-12-23]	[17:23:10.218]	[DBG]	Task IN		
[2022-12-23]	[17:23:10.220]	[DBG]	Task Start		
[2022-12-23]	[17:23:10.220]	[DBG]	Task IN		
[2022-12-23]	[17:23:10.222]	[DBG]	Task Start		
[2022-12-23]	[17:23:10.222]	[DBG]	Task IN		
[2022-12-23]	[17:23:10.224]	[DBG]	Task Start		
[2022-12-23]	[17:23:10.224]	[DBG]	Task IN		
[2022-12-23]	[17:23:10.226]	[DBG]	Task Start		
[2022-12-23]	[17:23:10.226]	[DBG]	Task IN		
[2022-12-23]	[17:23:10.228]	[DBG]	Task Start		
[2022-12-23]	[17:23:10.228]	[DBG]	Task IN		
[2022-12-23]	[17:23:10.230]	[DBG]	Task Start		
[2022-12-23]	[17:23:10.230]	[DBG]	Task IN		
[2022-12-23]	[17:23:10.232]	[DBG]	Task Start		
[2022-12-23]	[17:23:10.232]	[DBG]	Task IN		
[2022-12-23]	[17:23:10.234]	[DBG]	Task Start		
[2022-12-23]	[17:23:10.234]	[DBG]	Task IN		
[2022-12-23]	[17:23:10.236]	[DBG]	Task Start		
[2022-12-23]	[17:23:10.236]	[DBG]	Task IN		
[2022-12-23]	[17:23:10.238]	[DBG]	Task Start		
[2022-12-23]	[17:23:10.238]	[DBG]	Task IN		
[2022-12-23]	[17:23:10.240]	[DBG]	Task Start		
[2022-12-23]	[17:23:10.240]	[DBG]	Task IN		
[2022-12-23]	[17:23:10.242]	[DBG]	Task Start		
[2022-12-23]	[17:23:10.242]	[DBG]	Task IN		
[2022-12-23]	[17:23:10.244]	[DBG]	Task Start		
[2022-12-23]	[17:23:10.244]	[DBG]	Task IN		
[2022-12-23]	[17:23:10.246]	[DBG]	Task Start		
[2022-12-23]	[17:23:10.246]	[DBG]	Task IN		
[2022-12-23]	[17:23:10.248]	[DBG]	Task Start		
[2022-12-23]	[17:23:10.248]	[DBG]	Task IN		
[2022-12-23]	[17:23:10.250]	[DBG]	Task Start		
[2022-12-23]	[17:23:10.250]	[DBG]	Task IN		
[2022-12-23]	[17:23:10.252]	[DBG]	Task Start		
[2022-12-23]	[17:23:10.252]	[DBG]	Task IN		
[2022-12-23]	[17:23:10.254]	[DBG]	Task Start		
[2022-12-23]	[17:23:10.254]	[DBG]	Task IN		
[2022-12-23]	[17:23:10.256]	[DBG]	Task Start		
[2022-12-23]	[17:23:10.256]	[DBG]	Task IN		
[2022-12-23]	[17:23:10.258]	[DBG]	Task Start		
[2022-12-23]	[17:23:10.258]	[DBG]	Task IN		
[2022-12-23]	[17:23:10.260]	[DBG]	Task Start		
[2022-12-23]	[17:23:10.260]	[DBG]	Task IN		
[2022-12-23]	[17:23:10.262]	[DBG]	Task Start		
[2022-12-23]	[17:23:10.262]	[DBG]	Task IN		
[2022-12-23]	[17:23:10.264]	[DBG]	Task Start		
[2022-12-23]	[17:23:10.264]	[DBG]	Task IN		
[2022-12-23]	[17:23:10.266]	[DBG]	Task Start		
[2022-12-23]	[17:23:10.266]	[DBG]	Task IN		
[2022-12-23]	[17:23:10.267]	[DBG]	Task Start		
[2022-12-23]	[17:23:10.267]	[DBG]	Task IN		
[2022-12-23]	[17:23:10.269]	[DBG]	Task Start		
[2022-12-23]	[17:23:10.269]	[DBG]	Task IN		
[2022-12-23]	[17:23:10.271]	[DBG]	Task Start		
[2022-12-23]	[17:23:10.271]	[DBG]	Task IN		
[2022-12-23]	[17:23:10.273]	[DBG]	Task Start		
[2022-12-23]	[17:23:10.273]	[DBG]	Task IN		
[2022-12-23]	[17:23:10.275]	[DBG]	Task Start		
[2022-12-23]	[17:23:10.275]	[DBG]	Task IN		
[2022-12-23]	[17:23:10.277]	[DBG]	Task Start		
[2022-12-23]	[17:23:10.277]	[DBG]	Task IN		
[2022-12-23]	[17:23:10.279]	[DBG]	Task Start		
[2022-12-23]	[17:23:10.279]	[DBG]	Task IN		
[2022-12-23]	[17:23:10.281]	[DBG]	Task Start		
[2022-12-23]	[17:23:10.281]	[DBG]	Task IN		
[2022-12-23]	[17:23:10.283]	[DBG]	Task Start		
[2022-12-23]	[17:23:10.283]	[DBG]	Task IN		
[2022-12-23]	[17:23:10.285]	[DBG]	Task Start		
[2022-12-23]	[17:23:10.285]	[DBG]	Task IN		
[2022-12-23]	[17:23:10.287]	[DBG]	Task Start		
[2022-12-23]	[17:23:10.287]	[DBG]	Task IN		
[2022-12-23]	[17:23:10.289]	[DBG]	Task Start		
[2022-12-23]	[17:23:10.289]	[DBG]	Task IN		
[2022-12-23]	[17:23:10.291]	[DBG]	Task Start		
[2022-12-23]	[17:23:10.291]	[DBG]	Task IN		
[2022-12-23]	[17:23:10.293]	[DBG]	Task Start		
[2022-12-23]	[17:23:10.293]	[DBG]	Task IN		
[2022-12-23]	[17:23:10.295]	[DBG]	Task Start		
[2022-12-23]	[17:23:10.295]	[DBG]	Task IN		
[2022-12-23]	[17:23:10.297]	[DBG]	Task Start		
[2022-12-23]	[17:23:10.297]	[DBG]	Task IN		
[2022-12-23]	[17:23:10.299]	[DBG]	Task Start		
[2022-12-23]	[17:23:10.299]	[DBG]	Task IN		
[2022-12-23]	[17:23:10.301]	[DBG]	Task Start		
[2022-12-23]	[17:23:10.301]	[DBG]	Task IN		
[2022-12-23]	[17:23:10.303]	[DBG]	Task Start		
[2022-12-23]	[17:23:10.303]	[DBG]	Task IN		
[2022-12-23]	[17:23:10.305]	[DBG]	Task Start		
[2022-12-23]	[17:23:10.305]	[DBG]	Task IN		
[2022-12-23]	[17:23:10.307]	[DBG]	Task Start		
[2022-12-23]	[17:23:10.307]	[DBG]	Task IN		
[2022-12-23]	[17:23:10.309]	[DBG]	Task Start		
[2022-12-23]	[17:23:10.309]	[DBG]	Task IN		
[2022-12-23]	[17:23:10.311]	[DBG]	Task Start		
[2022-12-23]	[17:23:10.311]	[DBG]	Task IN		
[2022-12-23]	[17:23:10.313]	[DBG]	Task Start		
[2022-12-23]	[17:23:10.313]	[DBG]	Task IN		
[2022-12-23]	[17:23:10.315]	[DBG]	Task Start		
[2022-12-23]	[17:23:10.315]	[DBG]	Task IN		
[2022-12-23]	[17:23:10.317]	[DBG]	Task Start		
[2022-12-23]	[17:23:10.317]	[DBG]	Task IN		
[2022-12-23]	[17:23:10.319]	[DBG]	Task Start		
[2022-12-23]	[17:23:10.319]	[DBG]	Task IN		
[2022-12-23]	[17:23:10.321]	[DBG]	Task Start		
[2022-12-23]	[17:23:10.321]	[DBG]	Task IN		
[2022-12-23]	[17:23:10.323]	[DBG]	Task Start		
[2022-12-23]	[17:23:10.323]	[DBG]	Task IN		
[2022-12-23]	[17:23:10.325]	[DBG]	Task Start		
[2022-12-23]	[17:23:10.325]	[DBG]	Task IN		
[2022-12-23]	[17:23:10.327]	[DBG]	Task Start		
[2022-12-23]	[17:23:10.327]	[DBG]	Task IN		
[2022-12-23]	[17:23:10.329]	[DBG]	Task Start		
[2022-12-23]	[17:23:10.329]	[DBG]	Task IN		
[2022-12-23]	[17:23:10.331]	[DBG]	Task Start		
[2022-12-23]	[17:23:10.331]	[DBG]	Task IN		
[2022-12-23]	[17:23:10.333]	[DBG]	Task Start		
[2022-12-23]	[17:23:10.333]	[DBG]	Task IN		
[2022-12-23]	[17:23:10.335]	[DBG]	Task Start		
[2022-12-23]	[17:23:10.335]	[DBG]	Task IN		
[2022-12-23]	[17:23:10.337]	[DBG]	Task Start		
[2022-12-23]	[17:23:10.337]	[DBG]	Task IN		
[2022-12-23]	[17:23:10.339]	[DBG]	Task Start		
[2022-12-23]	[17:23:10.339]	[DBG]	Task IN		
[2022-12-23]	[17:23:10.341]	[DBG]	Task Start		
[2022-12-23]	[17:23:10.341]	[DBG]	Task IN		
[2022-12-23]	[17:23:10.343]	[DBG]	Task Start		
[2022-12-23]	[17:23:10.343]	[DBG]	Task IN		
[2022-12-23]	[17:23:10.345]	[DBG]	Task Start		
[2022-12-23]	[17:23:10.345]	[DBG]	Task IN		
[2022-12-23]	[17:23:10.347]	[DBG]	Task Start		
[2022-12-23]	[17:23:10.347]	[DBG]	Task IN		
[2022-12-23]	[17:23:10.349]	[DBG]	Task Start		
[2022-12-23]	[17:23:10.349]	[DBG]	Task IN		
[2022-12-23]	[17:23:10.351]	[DBG]	Task Start		
[2022-12-23]	[17:23:10.351]	[DBG]	Task IN		
[2022-12-23]	[17:23:10.353]	[DBG]	Task Start		
[2022-12-23]	[17:23:10.353]	[DBG]	Task IN		
[2022-12-23]	[17:23:10.355]	[DBG]	Task Start		
[2022-12-23]	[17:23:10.355]	[DBG]	Task IN		
[2022-12-23]	[17:23:10.357]	[DBG]	Task Start		
[2022-12-23]	[17:23:10.357]	[DBG]	Task IN		
[2022-12-23]	[17:23:10.359]	[DBG]	Task Start		
[2022-12-23]	[17:23:10.359]	[DBG]	Task IN		
[2022-12-23]	[17:23:10.361]	[DBG]	Task Start		
[2022-12-23]	[17:23:10.361]	[DBG]	Task IN		
[2022-12-23]	[17:23:10.363]	[DBG]	Task Start		
[2022-12-23]	[17:23:10.363]	[DBG]	Task IN		
[2022-12-23]	[17:23:10.365]	[DBG]	Task Start		
[2022-12-23]	[17:23:10.365]	[DBG]	Task IN		
[2022-12-23]	[17:23:10.367]	[DBG]	Task Start		
[2022-12-23]	[17:23:10.367]	[DBG]	Task IN		
[2022-12-23]	[17:23:10.369]	[DBG]	Task Start		
[2022-12-23]	[17:23:10.369]	[DBG]	Task IN		
[2022-12-23]	[17:23:10.371]	[DBG]	Task Start		
[2022-12-23]	[17:23:10.371]	[DBG]	Task IN		
[2022-12-23]	[17:23:10.373]	[DBG]	Task Start		
[2022-12-23]	[17:23:10.373]	[DBG]	Task IN		
[2022-12-23]	[17:23:10.375]	[DBG]	Task Start		
[2022-12-23]	[17:23:10.375]	[DBG]	Task IN		
[2022-12-23]	[17:23:10.376]	[DBG]	Task Start		
[2022-12-23]	[17:23:10.376]	[DBG]	Task IN		
[2022-12-23]	[17:23:10.378]	[DBG]	Task Start		
[2022-12-23]	[17:23:10.378]	[DBG]	Task IN		
[2022-12-23]	[17:23:10.380]	[DBG]	Task Start		
[2022-12-23]	[17:23:10.380]	[DBG]	Task IN		
[2022-12-23]	[17:23:10.382]	[DBG]	Task Start		
[2022-12-23]	[17:23:10.382]	[DBG]	Task IN		
[2022-12-23]	[17:23:10.384]	[DBG]	Task Start		
[2022-12-23]	[17:23:10.384]	[DBG]	Task IN		
[2022-12-23]	[17:23:10.386]	[DBG]	Task Start		
[2022-12-23]	[17:23:10.386]	[DBG]	Task IN		
[2022-12-23]	[17:23:10.388]	[DBG]	Task Start		
[2022-12-23]	[17:23:10.388]	[DBG]	Task IN		
[2022-12-23]	[17:23:10.390]	[DBG]	Task Start		
[2022-12-23]	[17:23:10.390]	[DBG]	Task IN		
[2022-12-23]	[17:23:10.392]	[DBG]	Task Start		
[2022-12-23]	[17:23:10.392]	[DBG]	Task IN		
[2022-12-23]	[17:23:10.394]	[DBG]	Task Start		
[2022-12-23]	[17:23:10.394]	[DBG]	Task IN		
[2022-12-23]	[17:23:10.396]	[DBG]	Task Start		
[2022-12-23]	[17:23:10.396]	[DBG]	Task IN		
[2022-12-23]	[17:23:10.398]	[DBG]	Task Start		
[2022-12-23]	[17:23:10.398]	[DBG]	Task IN		
[2022-12-23]	[17:23:10.400]	[DBG]	Task Start		
[2022-12-23]	[17:23:10.400]	[DBG]	Task IN		
[2022-12-23]	[17:23:10.402]	[DBG]	Task Start		
[2022-12-23]	[17:23:10.402]	[DBG]	Task IN		
[2022-12-23]	[17:23:10.404]	[DBG]	Task Start		
[2022-12-23]	[17:23:10.404]	[DBG]	Task IN		
[2022-12-23]	[17:23:10.406]	[DBG]	Task Start		
[2022-12-23]	[17:23:10.406]	[DBG]	Task IN		
[2022-12-23]	[17:23:10.408]	[DBG]	Task Start		
[2022-12-23]	[17:23:10.408]	[DBG]	Task IN		
[2022-12-23]	[17:23:10.410]	[DBG]	Task Start		
[2022-12-23]	[17:23:10.410]	[DBG]	Task IN		
[2022-12-23]	[17:23:10.412]	[DBG]	Task Start		
[2022-12-23]	[17:23:10.412]	[DBG]	Task IN		
[2022-12-23]	[17:23:10.414]	[DBG]	Task Start		
[2022-12-23]	[17:23:10.414]	[DBG]	Task IN		
[2022-12-23]	[17:23:10.416]	[DBG]	Task Start		
[2022-12-23]	[17:23:10.416]	[DBG]	Task IN		
[2022-12-23]	[17:23:10.418]	[DBG]	Task Start		
[2022-12-23]	[17:23:10.418]	[DBG]	Task IN		
[2022-12-23]	[17:23:10.420]	[DBG]	Task Start		
[2022-12-23]	[17:23:10.420]	[DBG]	Task IN		
[2022-12-23]	[17:23:10.422]	[DBG]	Task Start		
[2022-12-23]	[17:23:10.422]	[DBG]	Task IN		
[2022-12-23]	[17:23:10.424]	[DBG]	Task Start		
[2022-12-23]	[17:23:10.424]	[DBG]	Task IN		
[2022-12-23]	[17:23:10.426]	[DBG]	Task Start		
[2022-12-23]	[17:23:10.426]	[DBG]	Task IN		
[2022-12-23]	[17:23:10.428]	[DBG]	Task Start		
[2022-12-23]	[17:23:10.428]	[DBG]	Task IN		
[2022-12-23]	[17:23:10.430]	[DBG]	Task Start		
[2022-12-23]	[17:23:10.430]	[DBG]	Task IN		
[2022-12-23]	[17:23:10.432]	[DBG]	Task Start		
[2022-12-23]	[17:23:10.432]	[DBG]	Task IN		
[2022-12-23]	[17:23:10.434]	[DBG]	Task Start		
[2022-12-23]	[17:23:10.434]	[DBG]	Task IN		
[2022-12-23]	[17:23:10.436]	[DBG]	Task Start		
[2022-12-23]	[17:23:10.436]	[DBG]	Task IN		
[2022-12-23]	[17:23:10.438]	[DBG]	Task Start		
[2022-12-23]	[17:23:10.438]	[DBG]	Task IN		
[2022-12-23]	[17:23:10.440]	[DBG]	Task Start		
[2022-12-23]	[17:23:10.440]	[DBG]	Task IN		
[2022-12-23]	[17:23:10.442]	[DBG]	Task Start		
[2022-12-23]	[17:23:10.442]	[DBG]	Task IN		
[2022-12-23]	[17:23:10.444]	[DBG]	Task Start		
[2022-12-23]	[17:23:10.444]	[DBG]	Task IN		
[2022-12-23]	[17:23:10.446]	[DBG]	Task Start		
[2022-12-23]	[17:23:10.446]	[DBG]	Task IN		
[2022-12-23]	[17:23:10.448]	[DBG]	Task Start		
[2022-12-23]	[17:23:10.448]	[DBG]	Task IN		
[2022-12-23]	[17:23:10.450]	[DBG]	Task Start		
[2022-12-23]	[17:23:10.450]	[DBG]	Task IN		
[2022-12-23]	[17:23:10.452]	[DBG]	Task Start		
[2022-12-23]	[17:23:10.452]	[DBG]	Task IN		
[2022-12-23]	[17:23:10.454]	[DBG]	Task Start		
[2022-12-23]	[17:23:10.454]	[DBG]	Task IN		
[2022-12-23]	[17:23:10.456]	[DBG]	Task Start		
[2022-12-23]	[17:23:10.456]	[DBG]	Task IN		
[2022-12-23]	[17:23:10.458]	[DBG]	Task Start		
[2022-12-23]	[17:23:10.458]	[DBG]	Task IN		
[2022-12-23]	[17:23:10.460]	[DBG]	Task Start		
[2022-12-23]	[17:23:10.460]	[DBG]	Task IN		
[2022-12-23]	[17:23:10.462]	[DBG]	Task Start		
[2022-12-23]	[17:23:10.462]	[DBG]	Task IN		
[2022-12-23]	[17:23:10.464]	[DBG]	Task Start		
[2022-12-23]	[17:23:10.464]	[DBG]	Task IN		
[2022-12-23]	[17:23:10.466]	[DBG]	Task Start		
[2022-12-23]	[17:23:10.466]	[DBG]	Task IN		
[2022-12-23]	[17:23:10.468]	[DBG]	Task Start		
[2022-12-23]	[17:23:10.468]	[DBG]	Task IN		
[2022-12-23]	[17:23:10.470]	[DBG]	Task Start		
[2022-12-23]	[17:23:10.470]	[DBG]	Task IN		
[2022-12-23]	[17:23:10.472]	[DBG]	Task Start		
[2022-12-23]	[17:23:10.472]	[DBG]	Task IN		
[2022-12-23]	[17:23:10.474]	[DBG]	Task Start		
[2022-12-23]	[17:23:10.474]	[DBG]	Task IN		
[2022-12-23]	[17:23:10.476]	[DBG]	Task Start		
[2022-12-23]	[17:23:10.476]	[DBG]	Task IN		
[2022-12-23]	[17:23:10.478]	[DBG]	Task Start		
[2022-12-23]	[17:23:10.478]	[DBG]	Task IN		
[2022-12-23]	[17:23:10.480]	[DBG]	Task Start		
[2022-12-23]	[17:23:10.480]	[DBG]	Task IN		
[2022-12-23]	[17:23:10.482]	[DBG]	Task Start		
[2022-12-23]	[17:23:10.482]	[DBG]	Task IN		
[2022-12-23]	[17:23:10.484]	[DBG]	Task Start		
[2022-12-23]	[17:23:10.484]	[DBG]	Task IN		
[2022-12-23]	[17:23:10.486]	[DBG]	Task Start		
[2022-12-23]	[17:23:10.486]	[DBG]	Task IN		
[2022-12-23]	[17:23:10.488]	[DBG]	Task Start		
[2022-12-23]	[17:23:10.488]	[DBG]	Task IN		
[2022-12-23]	[17:23:10.490]	[DBG]	Task Start		
[2022-12-23]	[17:23:10.490]	[DBG]	Task IN		
[2022-12-23]	[17:23:10.492]	[DBG]	Task Start		
[2022-12-23]	[17:23:10.492]	[DBG]	Task IN		
[2022-12-23]	[17:23:10.494]	[DBG]	Task Start		
[2022-12-23]	[17:23:10.494]	[DBG]	Task IN		
[2022-12-23]	[17:23:10.496]	[DBG]	Task Start		
[2022-12-23]	[17:23:10.496]	[DBG]	Task IN		
[2022-12-23]	[17:23:10.498]	[DBG]	Task Start		
[2022-12-23]	[17:23:10.498]	[DBG]	Task IN		
[2022-12-23]	[17:23:10.500]	[DBG]	Task Start		
[2022-12-23]	[17:23:10.500]	[DBG]	Task IN		
[2022-12-23]	[17:23:10.502]	[DBG]	Task Start		
[2022-12-23]	[17:23:10.502]	[DBG]	Task IN		
[2022-12-23]	[17:23:10.504]	[DBG]	Task Start		
[2022-12-23]	[17:23:10.504]	[DBG]	Task IN		
[2022-12-23]	[17:23:10.506]	[DBG]	Task Start		
[2022-12-23]	[17:23:10.506]	[DBG]	Task IN		
[2022-12-23]	[17:23:10.508]	[DBG]	Task Start		
[2022-12-23]	[17:23:10.508]	[DBG]	Task IN		
[2022-12-23]	[17:23:10.510]	[DBG]	Task Start		
[2022-12-23]	[17:23:10.510]	[DBG]	Task IN		
[2022-12-23]	[17:23:10.512]	[DBG]	Task Start		
[2022-12-23]	[17:23:10.512]	[DBG]	Task IN		
[2022-12-23]	[17:23:10.514]	[DBG]	Task Start		
[2022-12-23]	[17:23:10.514]	[DBG]	Task IN		
[2022-12-23]	[17:23:10.516]	[DBG]	Task Start		
[2022-12-23]	[17:23:10.516]	[DBG]	Task IN		
[2022-12-23]	[17:23:10.518]	[DBG]	Task Start		
[2022-12-23]	[17:23:10.518]	[DBG]	Task IN		
[2022-12-23]	[17:23:10.520]	[DBG]	Task Start		
[2022-12-23]	[17:23:10.520]	[DBG]	Task IN		
[2022-12-23]	[17:23:10.522]	[DBG]	Task Start		
[2022-12-23]	[17:23:10.522]	[DBG]	Task IN		
[2022-12-23]	[17:23:10.524]	[DBG]	Task Start		
[2022-12-23]	[17:23:10.524]	[DBG]	Task IN		
[2022-12-23]	[17:23:10.526]	[DBG]	Task Start		
[2022-12-23]	[17:23:10.526]	[DBG]	Task IN		
[2022-12-23]	[17:23:10.528]	[DBG]	Task Start		
[2022-12-23]	[17:23:10.528]	[DBG]	Task IN		
[2022-12-23]	[17:23:10.530]	[DBG]	Task Start		
[2022-12-23]	[17:23:10.530]	[DBG]	Task IN		
[2022-12-23]	[17:23:10.532]	[DBG]	Task Start		
[2022-12-23]	[17:23:10.532]	[DBG]	Task IN		
[2022-12-23]	[17:23:10.534]	[DBG]	Task Start		
[2022-12-23]	[17:23:10.534]	[DBG]	Task IN		
[2022-12-23]	[17:23:10.536]	[DBG]	Task Start		
[2022-12-23]	[17:23:10.536]	[DBG]	Task IN		
[2022-12-23]	[17:23:10.538]	[DBG]	Task Start		
[2022-12-23]	[17:23:10.538]	[DBG]	Task IN		
[2022-12-23]	[17:23:10.540]	[DBG]	Task Start		
[2022-12-23]	[17:23:10.540]	[DBG]	Task IN		
[2022-12-23]	[17:23:10.542]	[DBG]	Task Start		
[2022-12-23]	[17:23:10.542]	[DBG]	Task IN		
[2022-12-23]	[17:23:10.544]	[DBG]	Task Start		
[2022-12-23]	[17:23:10.544]	[DBG]	Task IN		
[2022-12-23]	[17:23:10.546]	[DBG]	Task Start		
[2022-12-23]	[17:23:10.546]	[DBG]	Task IN		
[2022-12-23]	[17:23:10.548]	[DBG]	Task Start		
[2022-12-23]	[17:23:10.548]	[DBG]	Task IN		
[2022-12-23]	[17:23:10.550]	[DBG]	Task Start		
[2022-12-23]	[17:23:10.550]	[DBG]	Task IN		
[2022-12-23]	[17:23:10.552]	[DBG]	Task Start		
[2022-12-23]	[17:23:10.552]	[DBG]	Task IN		
[2022-12-23]	[17:23:10.554]	[DBG]	Task Start		
[2022-12-23]	[17:23:10.554]	[DBG]	Task IN		
[2022-12-23]	[17:23:10.556]	[DBG]	Task Start		
[2022-12-23]	[17:23:10.556]	[DBG]	Task IN		
[2022-12-23]	[17:23:10.558]	[DBG]	Task Start		
[2022-12-23]	[17:23:10.558]	[DBG]	Task IN		
[2022-12-23]	[17:23:10.560]	[DBG]	Task Start		
[2022-12-23]	[17:23:10.560]	[DBG]	Task IN		
[2022-12-23]	[17:23:10.562]	[DBG]	Task Start		
[2022-12-23]	[17:23:10.562]	[DBG]	Task IN		
[2022-12-23]	[17:23:10.564]	[DBG]	Task Start		
[2022-12-23]	[17:23:10.564]	[DBG]	Task IN		
[2022-12-23]	[17:23:10.566]	[DBG]	Task Start		
[2022-12-23]	[17:23:10.566]	[DBG]	Task IN		
[2022-12-23]	[17:23:10.568]	[DBG]	Task Start		
[2022-12-23]	[17:23:10.568]	[DBG]	Task IN		
[2022-12-23]	[17:23:10.570]	[DBG]	Task Start		
[2022-12-23]	[17:23:10.570]	[DBG]	Task IN		
[2022-12-23]	[17:23:10.572]	[DBG]	Task Start		
[2022-12-23]	[17:23:10.572]	[DBG]	Task IN		
[2022-12-23]	[17:23:10.574]	[DBG]	Task Start		
[2022-12-23]	[17:23:10.574]	[DBG]	Task IN		
[2022-12-23]	[17:23:10.576]	[DBG]	Task Start		
[2022-12-23]	[17:23:10.576]	[DBG]	Task IN		
[2022-12-23]	[17:23:10.578]	[DBG]	Task Start		
[2022-12-23]	[17:23:10.578]	[DBG]	Task IN		
[2022-12-23]	[17:23:10.580]	[DBG]	Task Start		
[2022-12-23]	[17:23:10.580]	[DBG]	Task IN		
[2022-12-23]	[17:23:10.582]	[DBG]	Task Start		
[2022-12-23]	[17:23:10.582]	[DBG]	Task IN		
[2022-12-23]	[17:23:10.584]	[DBG]	Task Start		
[2022-12-23]	[17:23:10.584]	[DBG]	Task IN		
[2022-12-23]	[17:23:10.586]	[DBG]	Task Start		
[2022-12-23]	[17:23:10.586]	[DBG]	Task IN		
[2022-12-23]	[17:23:10.588]	[DBG]	Task Start		
[2022-12-23]	[17:23:10.588]	[DBG]	Task IN		
[2022-12-23]	[17:23:10.590]	[DBG]	Task Start		
[2022-12-23]	[17:23:10.590]	[DBG]	Task IN		
[2022-12-23]	[17:23:10.592]	[DBG]	Task Start		
[2022-12-23]	[17:23:10.592]	[DBG]	Task IN		
[2022-12-23]	[17:23:10.594]	[DBG]	Task Start		
[2022-12-23]	[17:23:10.594]	[DBG]	Task IN		
[2022-12-23]	[17:23:10.596]	[DBG]	Task Start		
[2022-12-23]	[17:23:10.596]	[DBG]	Task IN		
[2022-12-23]	[17:23:10.598]	[DBG]	Task Start		
[2022-12-23]	[17:23:10.598]	[DBG]	Task IN		
[2022-12-23]	[17:23:10.600]	[DBG]	Task Start		
[2022-12-23]	[17:23:10.600]	[DBG]	Task IN		
[2022-12-23]	[17:23:10.602]	[DBG]	Task Start		
[2022-12-23]	[17:23:10.602]	[DBG]	Task IN		
[2022-12-23]	[17:23:10.604]	[DBG]	Task Start		
[2022-12-23]	[17:23:10.604]	[DBG]	Task IN		
[2022-12-23]	[17:23:10.606]	[DBG]	Task Start		
[2022-12-23]	[17:23:10.606]	[DBG]	Task IN		
[2022-12-23]	[17:23:10.608]	[DBG]	Task Start		
[2022-12-23]	[17:23:10.608]	[DBG]	Task IN		
[2022-12-23]	[17:23:10.610]	[DBG]	Task Start		
[2022-12-23]	[17:23:10.610]	[DBG]	Task IN		
[2022-12-23]	[17:23:10.612]	[DBG]	Task Start		
[2022-12-23]	[17:23:10.612]	[DBG]	Task IN		
[2022-12-23]	[17:23:10.614]	[DBG]	Task Start		
[2022-12-23]	[17:23:10.614]	[DBG]	Task IN		
[2022-12-23]	[17:23:10.616]	[DBG]	Task Start		
[2022-12-23]	[17:23:10.616]	[DBG]	Task IN		
[2022-12-23]	[17:23:10.618]	[DBG]	Task Start		
[2022-12-23]	[17:23:10.618]	[DBG]	Task IN		
[2022-12-23]	[17:23:10.620]	[DBG]	Task Start		
[2022-12-23]	[17:23:10.620]	[DBG]	Task IN		
[2022-12-23]	[17:23:10.622]	[DBG]	Task Start		
[2022-12-23]	[17:23:10.622]	[DBG]	Task IN		
[2022-12-23]	[17:23:10.624]	[DBG]	Task Start		
[2022-12-23]	[17:23:10.624]	[DBG]	Task IN		
[2022-12-23]	[17:23:10.626]	[DBG]	Task Start		
[2022-12-23]	[17:23:10.626]	[DBG]	Task IN		
[2022-12-23]	[17:23:10.628]	[DBG]	Task Start		
[2022-12-23]	[17:23:10.628]	[DBG]	Task IN		
[2022-12-23]	[17:23:10.630]	[DBG]	Task Start		
[2022-12-23]	[17:23:10.630]	[DBG]	Task IN		
[2022-12-23]	[17:23:10.632]	[DBG]	Task Start		
[2022-12-23]	[17:23:10.632]	[DBG]	Task IN		
[2022-12-23]	[17:23:10.634]	[DBG]	Task Start		
[2022-12-23]	[17:23:10.634]	[DBG]	Task IN		
[2022-12-23]	[17:23:10.636]	[DBG]	Task Start		
[2022-12-23]	[17:23:10.636]	[DBG]	Task IN		
[2022-12-23]	[17:23:10.638]	[DBG]	Task Start		
[2022-12-23]	[17:23:10.638]	[DBG]	Task IN		
[2022-12-23]	[17:23:10.640]	[DBG]	Task Start		
[2022-12-23]	[17:23:10.640]	[DBG]	Task IN		
[2022-12-23]	[17:23:10.642]	[DBG]	Task Start		
[2022-12-23]	[17:23:10.642]	[DBG]	Task IN		
[2022-12-23]	[17:23:10.644]	[DBG]	Task Start		
[2022-12-23]	[17:23:10.644]	[DBG]	Task IN		
[2022-12-23]	[17:23:10.646]	[DBG]	Task Start		
[2022-12-23]	[17:23:10.646]	[DBG]	Task IN		
[2022-12-23]	[17:23:10.648]	[DBG]	Task Start		
[2022-12-23]	[17:23:10.648]	[DBG]	Task IN		
[2022-12-23]	[17:23:10.650]	[DBG]	Task Start		
[2022-12-23]	[17:23:10.650]	[DBG]	Task IN		
[2022-12-23]	[17:23:10.652]	[DBG]	Task Start		
[2022-12-23]	[17:23:10.652]	[DBG]	Task IN		
[2022-12-23]	[17:23:10.654]	[DBG]	Task Start		
[2022-12-23]	[17:23:10.654]	[DBG]	Task IN		
[2022-12-23]	[17:23:10.656]	[DBG]	Task Start		
[2022-12-23]	[17:23:10.656]	[DBG]	Task IN		
[2022-12-23]	[17:23:10.658]	[DBG]	Task Start		
[2022-12-23]	[17:23:10.658]	[DBG]	Task IN		
[2022-12-23]	[17:23:10.660]	[DBG]	Task Start		
[2022-12-23]	[17:23:10.660]	[DBG]	Task IN		
[2022-12-23]	[17:23:10.662]	[DBG]	Task Start		
[2022-12-23]	[17:23:10.662]	[DBG]	Task IN		
[2022-12-23]	[17:23:10.664]	[DBG]	Task Start		
[2022-12-23]	[17:23:10.664]	[DBG]	Task IN		
[2022-12-23]	[17:23:10.666]	[DBG]	Task Start		
[2022-12-23]	[17:23:10.666]	[DBG]	Task IN		
[2022-12-23]	[17:23:10.668]	[DBG]	Task Start		
[2022-12-23]	[17:23:10.668]	[DBG]	Task IN		
[2022-12-23]	[17:23:10.670]	[DBG]	Task Start		
[2022-12-23]	[17:23:10.670]	[DBG]	Task IN		
[2022-12-23]	[17:23:10.672]	[DBG]	Task Start		
[2022-12-23]	[17:23:10.672]	[DBG]	Task IN		
[2022-12-23]	[17:23:10.674]	[DBG]	Task Start		
[2022-12-23]	[17:23:10.674]	[DBG]	Task IN		
[2022-12-23]	[17:23:10.676]	[DBG]	Task Start		
[2022-12-23]	[17:23:10.676]	[DBG]	Task IN		
[2022-12-23]	[17:23:10.678]	[DBG]	Task Start		
[2022-12-23]	[17:23:10.678]	[DBG]	Task IN		
[2022-12-23]	[17:23:10.680]	[DBG]	Task Start		
[2022-12-23]	[17:23:10.680]	[DBG]	Task IN		
[2022-12-23]	[17:23:10.681]	[DBG]	Task Start		
[2022-12-23]	[17:23:10.681]	[DBG]	Task IN		
[2022-12-23]	[17:23:10.683]	[DBG]	Task Start		
[2022-12-23]	[17:23:10.683]	[DBG]	Task IN		
[2022-12-23]	[17:23:10.685]	[DBG]	Task Start		
[2022-12-23]	[17:23:10.685]	[DBG]	Task IN		
[2022-12-23]	[17:23:10.687]	[DBG]	Task Start		
[2022-12-23]	[17:23:10.687]	[DBG]	Task IN		
[2022-12-23]	[17:23:10.689]	[DBG]	Task Start		
[2022-12-23]	[17:23:10.689]	[DBG]	Task IN		
[2022-12-23]	[17:23:10.691]	[DBG]	Task Start		
[2022-12-23]	[17:23:10.691]	[DBG]	Task IN		
[2022-12-23]	[17:23:10.693]	[DBG]	Task Start		
[2022-12-23]	[17:23:10.693]	[DBG]	Task IN		
[2022-12-23]	[17:23:10.695]	[DBG]	Task Start		
[2022-12-23]	[17:23:10.695]	[DBG]	Task IN		
[2022-12-23]	[17:23:10.697]	[DBG]	Task Start		
[2022-12-23]	[17:23:10.697]	[DBG]	Task IN		
[2022-12-23]	[17:23:10.699]	[DBG]	Task Start		
[2022-12-23]	[17:23:10.699]	[DBG]	Task IN		
[2022-12-23]	[17:23:10.701]	[DBG]	Task Start		
[2022-12-23]	[17:23:10.701]	[DBG]	Task IN		
[2022-12-23]	[17:23:10.703]	[DBG]	Task Start		
[2022-12-23]	[17:23:10.703]	[DBG]	Task IN		
[2022-12-23]	[17:23:10.705]	[DBG]	Task Start		
[2022-12-23]	[17:23:10.705]	[DBG]	Task IN		
[2022-12-23]	[17:23:10.707]	[DBG]	Task Start		
[2022-12-23]	[17:23:10.707]	[DBG]	Task IN		
[2022-12-23]	[17:23:10.709]	[DBG]	Task Start		
[2022-12-23]	[17:23:10.709]	[DBG]	Task IN		
[2022-12-23]	[17:23:10.711]	[DBG]	Task Start		
[2022-12-23]	[17:23:10.711]	[DBG]	Task IN		
[2022-12-23]	[17:23:10.713]	[DBG]	Task Start		
[2022-12-23]	[17:23:10.713]	[DBG]	Task IN		
[2022-12-23]	[17:23:10.715]	[DBG]	Task Start		
[2022-12-23]	[17:23:10.715]	[DBG]	Task IN		
[2022-12-23]	[17:23:10.717]	[DBG]	Task Start		
[2022-12-23]	[17:23:10.717]	[DBG]	Task IN		
[2022-12-23]	[17:23:10.719]	[DBG]	Task Start		
[2022-12-23]	[17:23:10.719]	[DBG]	Task IN		
[2022-12-23]	[17:23:10.721]	[DBG]	Task Start		
[2022-12-23]	[17:23:10.721]	[DBG]	Task IN		
[2022-12-23]	[17:23:10.723]	[DBG]	Task Start		
[2022-12-23]	[17:23:10.723]	[DBG]	Task IN		
[2022-12-23]	[17:23:10.725]	[DBG]	Task Start		
[2022-12-23]	[17:23:10.725]	[DBG]	Task IN		
[2022-12-23]	[17:23:10.727]	[DBG]	Task Start		
[2022-12-23]	[17:23:10.727]	[DBG]	Task IN		
[2022-12-23]	[17:23:10.729]	[DBG]	Task Start		
[2022-12-23]	[17:23:10.729]	[DBG]	Task IN		
[2022-12-23]	[17:23:10.731]	[DBG]	Task Start		
[2022-12-23]	[17:23:10.731]	[DBG]	Task IN		
[2022-12-23]	[17:23:10.733]	[DBG]	Task Start		
[2022-12-23]	[17:23:10.733]	[DBG]	Task IN		
[2022-12-23]	[17:23:10.735]	[DBG]	Task Start		
[2022-12-23]	[17:23:10.735]	[DBG]	Task IN		
[2022-12-23]	[17:23:10.737]	[DBG]	Task Start		
[2022-12-23]	[17:23:10.737]	[DBG]	Task IN		
[2022-12-23]	[17:23:10.739]	[DBG]	Task Start		
[2022-12-23]	[17:23:10.739]	[DBG]	Task IN		
[2022-12-23]	[17:23:10.741]	[DBG]	Task Start		
[2022-12-23]	[17:23:10.741]	[DBG]	Task IN		
[2022-12-23]	[17:23:10.743]	[DBG]	Task Start		
[2022-12-23]	[17:23:10.743]	[DBG]	Task IN		
[2022-12-23]	[17:23:10.745]	[DBG]	Task Start		
[2022-12-23]	[17:23:10.745]	[DBG]	Task IN		
[2022-12-23]	[17:23:10.747]	[DBG]	Task Start		
[2022-12-23]	[17:23:10.747]	[DBG]	Task IN		
[2022-12-23]	[17:23:10.749]	[DBG]	Task Start		
[2022-12-23]	[17:23:10.749]	[DBG]	Task IN		
[2022-12-23]	[17:23:10.751]	[DBG]	Task Start		
[2022-12-23]	[17:23:10.751]	[DBG]	Task IN		
[2022-12-23]	[17:23:10.753]	[DBG]	Task Start		
[2022-12-23]	[17:23:10.753]	[DBG]	Task IN		
[2022-12-23]	[17:23:10.755]	[DBG]	Task Start		
[2022-12-23]	[17:23:10.755]	[DBG]	Task IN		
[2022-12-23]	[17:23:10.757]	[DBG]	Task Start		
[2022-12-23]	[17:23:10.757]	[DBG]	Task IN		
[2022-12-23]	[17:23:10.759]	[DBG]	Task Start		
[2022-12-23]	[17:23:10.759]	[DBG]	Task IN		
[2022-12-23]	[17:23:10.761]	[DBG]	Task Start		
[2022-12-23]	[17:23:10.761]	[DBG]	Task IN		
[2022-12-23]	[17:23:10.763]	[DBG]	Task Start		
[2022-12-23]	[17:23:10.763]	[DBG]	Task IN		
[2022-12-23]	[17:23:10.765]	[DBG]	Task Start		
[2022-12-23]	[17:23:10.765]	[DBG]	Task IN		
[2022-12-23]	[17:23:10.767]	[DBG]	Task Start		
[2022-12-23]	[17:23:10.767]	[DBG]	Task IN		
[2022-12-23]	[17:23:10.769]	[DBG]	Task Start		
[2022-12-23]	[17:23:10.769]	[DBG]	Task IN		
[2022-12-23]	[17:23:10.771]	[DBG]	Task Start		
[2022-12-23]	[17:23:10.771]	[DBG]	Task IN		
[2022-12-23]	[17:23:10.773]	[DBG]	Task Start		
[2022-12-23]	[17:23:10.773]	[DBG]	Task IN		
[2022-12-23]	[17:23:10.775]	[DBG]	Task Start		
[2022-12-23]	[17:23:10.775]	[DBG]	Task IN		
[2022-12-23]	[17:23:10.777]	[DBG]	Task Start		
[2022-12-23]	[17:23:10.777]	[DBG]	Task IN		
[2022-12-23]	[17:23:10.779]	[DBG]	Task Start		
[2022-12-23]	[17:23:10.779]	[DBG]	Task IN		
[2022-12-23]	[17:23:10.781]	[DBG]	Task Start		
[2022-12-23]	[17:23:10.781]	[DBG]	Task IN		
[2022-12-23]	[17:23:10.783]	[DBG]	Task Start		
[2022-12-23]	[17:23:10.783]	[DBG]	Task IN		
[2022-12-23]	[17:23:10.785]	[DBG]	Task Start		
[2022-12-23]	[17:23:10.785]	[DBG]	Task IN		
[2022-12-23]	[17:23:10.787]	[DBG]	Task Start		
[2022-12-23]	[17:23:10.787]	[DBG]	Task IN		
[2022-12-23]	[17:23:10.789]	[DBG]	Task Start		
[2022-12-23]	[17:23:10.789]	[DBG]	Task IN		
[2022-12-23]	[17:23:10.791]	[DBG]	Task Start		
[2022-12-23]	[17:23:10.791]	[DBG]	Task IN		
[2022-12-23]	[17:23:10.793]	[DBG]	Task Start		
[2022-12-23]	[17:23:10.793]	[DBG]	Task IN		
[2022-12-23]	[17:23:10.795]	[DBG]	Task Start		
[2022-12-23]	[17:23:10.795]	[DBG]	Task IN		
[2022-12-23]	[17:23:10.797]	[DBG]	Task Start		
[2022-12-23]	[17:23:10.797]	[DBG]	Task IN		
[2022-12-23]	[17:23:10.799]	[DBG]	Task Start		
[2022-12-23]	[17:23:10.799]	[DBG]	Task IN		
[2022-12-23]	[17:23:10.801]	[DBG]	Task Start		
[2022-12-23]	[17:23:10.801]	[DBG]	Task IN		
[2022-12-23]	[17:23:10.803]	[DBG]	Task Start		
[2022-12-23]	[17:23:10.803]	[DBG]	Task IN		
[2022-12-23]	[17:23:10.805]	[DBG]	Task Start		
[2022-12-23]	[17:23:10.805]	[DBG]	Task IN		
[2022-12-23]	[17:23:10.807]	[DBG]	Task Start		
[2022-12-23]	[17:23:10.807]	[DBG]	Task IN		
[2022-12-23]	[17:23:10.809]	[DBG]	Task Start		
[2022-12-23]	[17:23:10.809]	[DBG]	Task IN		
[2022-12-23]	[17:23:10.811]	[DBG]	Task Start		
[2022-12-23]	[17:23:10.811]	[DBG]	Task IN		
[2022-12-23]	[17:23:10.813]	[DBG]	Task Start		
[2022-12-23]	[17:23:10.813]	[DBG]	Task IN		
[2022-12-23]	[17:23:10.815]	[DBG]	Task Start		
[2022-12-23]	[17:23:10.815]	[DBG]	Task IN		
[2022-12-23]	[17:23:10.817]	[DBG]	Task Start		
[2022-12-23]	[17:23:10.817]	[DBG]	Task IN		
[2022-12-23]	[17:23:10.819]	[DBG]	Task Start		
[2022-12-23]	[17:23:10.819]	[DBG]	Task IN		
[2022-12-23]	[17:23:10.821]	[DBG]	Task Start		
[2022-12-23]	[17:23:10.821]	[DBG]	Task IN		
[2022-12-23]	[17:23:10.823]	[DBG]	Task Start		
[2022-12-23]	[17:23:10.823]	[DBG]	Task IN		
[2022-12-23]	[17:23:10.825]	[DBG]	Task Start		
[2022-12-23]	[17:23:10.825]	[DBG]	Task IN		
[2022-12-23]	[17:23:10.827]	[DBG]	Task Start		
[2022-12-23]	[17:23:10.827]	[DBG]	Task IN		
[2022-12-23]	[17:23:10.829]	[DBG]	Task Start		
[2022-12-23]	[17:23:10.829]	[DBG]	Task IN		
[2022-12-23]	[17:23:10.831]	[DBG]	Task Start		
[2022-12-23]	[17:23:10.831]	[DBG]	Task IN		
[2022-12-23]	[17:23:10.833]	[DBG]	Task Start		
[2022-12-23]	[17:23:10.833]	[DBG]	Task IN		
[2022-12-23]	[17:23:10.835]	[DBG]	Task Start		
[2022-12-23]	[17:23:10.835]	[DBG]	Task IN		
[2022-12-23]	[17:23:10.837]	[DBG]	Task Start		
[2022-12-23]	[17:23:10.837]	[DBG]	Task IN		
[2022-12-23]	[17:23:10.839]	[DBG]	Task Start		
[2022-12-23]	[17:23:10.839]	[DBG]	Task IN		
[2022-12-23]	[17:23:10.841]	[DBG]	Task Start		
[2022-12-23]	[17:23:10.841]	[DBG]	Task IN		
[2022-12-23]	[17:23:18.638]	[INF]	=====================================================		
[2022-12-23]	[17:23:18.664]	[INF]	App Start		
[2022-12-23]	[17:23:18.664]	[INF]	Initialization Start		
[2022-12-23]	[17:23:47.362]	[INF]	Pass MainWindow Create/Open		
[2022-12-23]	[17:23:47.362]	[INF]	Initialization Finished		
[2022-12-23]	[17:23:47.362]	[INF]	=====================================================		
[2022-12-23]	[17:33:20.913]	[INF]	=====================================================		
[2022-12-23]	[17:33:20.941]	[INF]	App Start		
[2022-12-23]	[17:33:20.941]	[INF]	Initialization Start		
[2022-12-23]	[17:33:25.561]	[INF]	Pass MainWindow Create/Open		
[2022-12-23]	[17:33:25.561]	[INF]	Initialization Finished		
[2022-12-23]	[17:33:25.561]	[INF]	=====================================================		
