[2022-12-26]	[08:51:28.098]	[INF]	=====================================================		
[2022-12-26]	[08:51:28.122]	[INF]	App Start		
[2022-12-26]	[08:51:28.122]	[INF]	Initialization Start		
[2022-12-26]	[08:52:02.980]	[INF]	Pass MainWindow Create/Open		
[2022-12-26]	[08:52:02.981]	[INF]	Initialization Finished		
[2022-12-26]	[08:52:02.981]	[INF]	=====================================================		
[2022-12-26]	[08:52:27.730]	[INF]	=====================================================		
[2022-12-26]	[08:52:27.756]	[INF]	App Start		
[2022-12-26]	[08:52:27.756]	[INF]	Initialization Start		
[2022-12-26]	[08:52:39.321]	[INF]	Pass MainWindow Create/Open		
[2022-12-26]	[08:52:39.321]	[INF]	Initialization Finished		
[2022-12-26]	[08:52:39.321]	[INF]	=====================================================		
[2022-12-26]	[08:52:56.123]	[INF]	=====================================================		
[2022-12-26]	[08:52:56.149]	[INF]	App Start		
[2022-12-26]	[08:52:56.149]	[INF]	Initialization Start		
[2022-12-26]	[08:53:01.599]	[INF]	Pass MainWindow Create/Open		
[2022-12-26]	[08:53:01.599]	[INF]	Initialization Finished		
[2022-12-26]	[08:53:01.599]	[INF]	=====================================================		
[2022-12-26]	[08:53:07.640]	[INF]	=====================================================		
[2022-12-26]	[08:53:07.666]	[INF]	App Start		
[2022-12-26]	[08:53:07.667]	[INF]	Initialization Start		
[2022-12-26]	[08:53:26.387]	[INF]	Pass MainWindow Create/Open		
[2022-12-26]	[08:53:26.387]	[INF]	Initialization Finished		
[2022-12-26]	[08:53:26.387]	[INF]	=====================================================		
[2022-12-26]	[08:54:26.323]	[INF]	=====================================================		
[2022-12-26]	[08:54:26.348]	[INF]	App Start		
[2022-12-26]	[08:54:26.348]	[INF]	Initialization Start		
[2022-12-26]	[08:54:46.265]	[INF]	Pass MainWindow Create/Open		
[2022-12-26]	[08:54:46.265]	[INF]	Initialization Finished		
[2022-12-26]	[08:54:46.265]	[INF]	=====================================================		
[2022-12-26]	[08:58:29.179]	[INF]	=====================================================		
[2022-12-26]	[08:58:29.204]	[INF]	App Start		
[2022-12-26]	[08:58:29.204]	[INF]	Initialization Start		
[2022-12-26]	[09:00:23.498]	[INF]	=====================================================		
[2022-12-26]	[09:00:23.529]	[INF]	App Start		
[2022-12-26]	[09:00:23.529]	[INF]	Initialization Start		
[2022-12-26]	[09:00:51.482]	[INF]	=====================================================		
[2022-12-26]	[09:00:51.506]	[INF]	App Start		
[2022-12-26]	[09:00:51.506]	[INF]	Initialization Start		
[2022-12-26]	[09:01:56.693]	[INF]	=====================================================		
[2022-12-26]	[09:01:56.721]	[INF]	App Start		
[2022-12-26]	[09:01:56.721]	[INF]	Initialization Start		
[2022-12-26]	[09:02:09.613]	[INF]	=====================================================		
[2022-12-26]	[09:02:09.639]	[INF]	App Start		
[2022-12-26]	[09:02:09.639]	[INF]	Initialization Start		
[2022-12-26]	[09:02:59.107]	[INF]	=====================================================		
[2022-12-26]	[09:02:59.138]	[INF]	App Start		
[2022-12-26]	[09:02:59.138]	[INF]	Initialization Start		
[2022-12-26]	[09:03:21.446]	[INF]	=====================================================		
[2022-12-26]	[09:03:21.471]	[INF]	App Start		
[2022-12-26]	[09:03:21.471]	[INF]	Initialization Start		
[2022-12-26]	[09:03:33.630]	[INF]	Pass MainWindow Create/Open		
[2022-12-26]	[09:03:33.630]	[INF]	Initialization Finished		
[2022-12-26]	[09:03:33.630]	[INF]	=====================================================		
[2022-12-26]	[09:13:33.288]	[INF]	=====================================================		
[2022-12-26]	[09:13:33.311]	[INF]	App Start		
[2022-12-26]	[09:13:33.311]	[INF]	Initialization Start		
[2022-12-26]	[09:13:34.620]	[INF]	Pass MainWindow Create/Open		
[2022-12-26]	[09:13:34.620]	[INF]	Initialization Finished		
[2022-12-26]	[09:13:34.620]	[INF]	=====================================================		
[2022-12-26]	[09:13:41.592]	[INF]	=====================================================		
[2022-12-26]	[09:13:41.618]	[INF]	App Start		
[2022-12-26]	[09:13:41.618]	[INF]	Initialization Start		
[2022-12-26]	[09:14:02.055]	[INF]	=====================================================		
[2022-12-26]	[09:14:02.081]	[INF]	App Start		
[2022-12-26]	[09:14:02.081]	[INF]	Initialization Start		
[2022-12-26]	[09:34:51.671]	[INF]	=====================================================		
[2022-12-26]	[09:34:51.739]	[INF]	App Start		
[2022-12-26]	[09:34:51.739]	[INF]	Initialization Start		
[2022-12-26]	[16:27:47.122]	[INF]	=====================================================		
[2022-12-26]	[16:27:47.153]	[INF]	App Start		
[2022-12-26]	[16:27:47.153]	[INF]	Initialization Start		
[2022-12-26]	[16:27:49.310]	[INF]	Pass MainWindow Create/Open		
[2022-12-26]	[16:27:49.310]	[INF]	Initialization Finished		
[2022-12-26]	[16:27:49.310]	[INF]	=====================================================		
[2022-12-26]	[16:28:29.525]	[INF]	=====================================================		
[2022-12-26]	[16:28:29.554]	[INF]	App Start		
[2022-12-26]	[16:28:29.554]	[INF]	Initialization Start		
[2022-12-26]	[16:28:35.155]	[INF]	Pass MainWindow Create/Open		
[2022-12-26]	[16:28:35.155]	[INF]	Initialization Finished		
[2022-12-26]	[16:28:35.155]	[INF]	=====================================================		
[2022-12-26]	[16:33:20.990]	[INF]	=====================================================		
[2022-12-26]	[16:33:21.049]	[INF]	App Start		
[2022-12-26]	[16:33:21.049]	[INF]	Initialization Start		
